\BOOKMARK [0][-]{chapter*.1}{Prefazione}{}% 1
\BOOKMARK [0][-]{chapter.1}{Lo scopo del programma}{}% 2
\BOOKMARK [1][-]{section.1.1}{Che cos'\350 un programma?}{chapter.1}% 3
\BOOKMARK [1][-]{section.1.2}{Avviare Python}{chapter.1}% 4
\BOOKMARK [1][-]{section.1.3}{Il primo programma}{chapter.1}% 5
\BOOKMARK [1][-]{section.1.4}{Operatori aritmetici}{chapter.1}% 6
\BOOKMARK [1][-]{section.1.5}{Valori e tipi}{chapter.1}% 7
\BOOKMARK [1][-]{section.1.6}{Linguaggi formali e linguaggi naturali}{chapter.1}% 8
\BOOKMARK [1][-]{section.1.7}{Debug}{chapter.1}% 9
\BOOKMARK [1][-]{section.1.8}{Glossario}{chapter.1}% 10
\BOOKMARK [1][-]{section.1.9}{Esercizi}{chapter.1}% 11
\BOOKMARK [0][-]{chapter.2}{Variabili, espressioni ed istruzioni}{}% 12
\BOOKMARK [1][-]{section.2.1}{Istruzioni di assegnazione}{chapter.2}% 13
\BOOKMARK [1][-]{section.2.2}{Nomi delle variabili}{chapter.2}% 14
\BOOKMARK [1][-]{section.2.3}{Espressioni e istruzioni}{chapter.2}% 15
\BOOKMARK [1][-]{section.2.4}{Modalit\340 script}{chapter.2}% 16
\BOOKMARK [1][-]{section.2.5}{Ordine delle operazioni}{chapter.2}% 17
\BOOKMARK [1][-]{section.2.6}{Operazioni sulle stringhe}{chapter.2}% 18
\BOOKMARK [1][-]{section.2.7}{Commenti}{chapter.2}% 19
\BOOKMARK [1][-]{section.2.8}{Debug}{chapter.2}% 20
\BOOKMARK [1][-]{section.2.9}{Glossario}{chapter.2}% 21
\BOOKMARK [1][-]{section.2.10}{Esercizi}{chapter.2}% 22
\BOOKMARK [0][-]{chapter.3}{Funzioni}{}% 23
\BOOKMARK [1][-]{section.3.1}{Chiamate di funzione}{chapter.3}% 24
\BOOKMARK [1][-]{section.3.2}{Funzioni matematiche}{chapter.3}% 25
\BOOKMARK [1][-]{section.3.3}{Composizione}{chapter.3}% 26
\BOOKMARK [1][-]{section.3.4}{Aggiungere nuove funzioni}{chapter.3}% 27
\BOOKMARK [1][-]{section.3.5}{Definizioni e loro utilizzo}{chapter.3}% 28
\BOOKMARK [1][-]{section.3.6}{Flusso di esecuzione}{chapter.3}% 29
\BOOKMARK [1][-]{section.3.7}{Parametri e argomenti}{chapter.3}% 30
\BOOKMARK [1][-]{section.3.8}{Variabili e parametri sono locali}{chapter.3}% 31
\BOOKMARK [1][-]{section.3.9}{Diagrammi di stack}{chapter.3}% 32
\BOOKMARK [1][-]{section.3.10}{Funzioni ``produttive'' e funzioni ``vuote''}{chapter.3}% 33
\BOOKMARK [1][-]{section.3.11}{Perch\351 usare le funzioni?}{chapter.3}% 34
\BOOKMARK [1][-]{section.3.12}{Debug}{chapter.3}% 35
\BOOKMARK [1][-]{section.3.13}{Glossario}{chapter.3}% 36
\BOOKMARK [1][-]{section.3.14}{Esercizi}{chapter.3}% 37
\BOOKMARK [0][-]{chapter.4}{Esercitazione: Progettazione dell'interfaccia}{}% 38
\BOOKMARK [1][-]{section.4.1}{Il modulo turtle}{chapter.4}% 39
\BOOKMARK [1][-]{section.4.2}{Ripetizione semplice}{chapter.4}% 40
\BOOKMARK [1][-]{section.4.3}{Esercizi}{chapter.4}% 41
\BOOKMARK [1][-]{section.4.4}{Incapsulamento}{chapter.4}% 42
\BOOKMARK [1][-]{section.4.5}{Generalizzazione}{chapter.4}% 43
\BOOKMARK [1][-]{section.4.6}{Progettazione dell'interfaccia}{chapter.4}% 44
\BOOKMARK [1][-]{section.4.7}{Refactoring}{chapter.4}% 45
\BOOKMARK [1][-]{section.4.8}{Tecnica di sviluppo}{chapter.4}% 46
\BOOKMARK [1][-]{section.4.9}{Stringa di documentazione}{chapter.4}% 47
\BOOKMARK [1][-]{section.4.10}{Debug}{chapter.4}% 48
\BOOKMARK [1][-]{section.4.11}{Glossario}{chapter.4}% 49
\BOOKMARK [1][-]{section.4.12}{Esercizi}{chapter.4}% 50
\BOOKMARK [0][-]{chapter.5}{Istruzioni condizionali e ricorsione}{}% 51
\BOOKMARK [1][-]{section.5.1}{Divisione intera e modulo}{chapter.5}% 52
\BOOKMARK [1][-]{section.5.2}{Espressioni booleane}{chapter.5}% 53
\BOOKMARK [1][-]{section.5.3}{Operatori logici}{chapter.5}% 54
\BOOKMARK [1][-]{section.5.4}{Esecuzione condizionale}{chapter.5}% 55
\BOOKMARK [1][-]{section.5.5}{Esecuzione alternativa}{chapter.5}% 56
\BOOKMARK [1][-]{section.5.6}{Condizioni in serie}{chapter.5}% 57
\BOOKMARK [1][-]{section.5.7}{Condizioni nidificate}{chapter.5}% 58
\BOOKMARK [1][-]{section.5.8}{Ricorsione}{chapter.5}% 59
\BOOKMARK [1][-]{section.5.9}{Diagrammi di stack delle funzioni ricorsive}{chapter.5}% 60
\BOOKMARK [1][-]{section.5.10}{Ricorsione infinita}{chapter.5}% 61
\BOOKMARK [1][-]{section.5.11}{Input da tastiera}{chapter.5}% 62
\BOOKMARK [1][-]{section.5.12}{Debug}{chapter.5}% 63
\BOOKMARK [1][-]{section.5.13}{Glossario}{chapter.5}% 64
\BOOKMARK [1][-]{section.5.14}{Esercizi}{chapter.5}% 65
\BOOKMARK [0][-]{chapter.6}{Funzioni produttive}{}% 66
\BOOKMARK [1][-]{section.6.1}{Valori di ritorno}{chapter.6}% 67
\BOOKMARK [1][-]{section.6.2}{Sviluppo incrementale}{chapter.6}% 68
\BOOKMARK [1][-]{section.6.3}{Composizione}{chapter.6}% 69
\BOOKMARK [1][-]{section.6.4}{Funzioni booleane}{chapter.6}% 70
\BOOKMARK [1][-]{section.6.5}{Altro sulla ricorsione}{chapter.6}% 71
\BOOKMARK [1][-]{section.6.6}{Salto sulla fiducia}{chapter.6}% 72
\BOOKMARK [1][-]{section.6.7}{Un altro esempio}{chapter.6}% 73
\BOOKMARK [1][-]{section.6.8}{Controllo dei tipi}{chapter.6}% 74
\BOOKMARK [1][-]{section.6.9}{Debug}{chapter.6}% 75
\BOOKMARK [1][-]{section.6.10}{Glossario}{chapter.6}% 76
\BOOKMARK [1][-]{section.6.11}{Esercizi}{chapter.6}% 77
\BOOKMARK [0][-]{chapter.7}{Iterazione}{}% 78
\BOOKMARK [1][-]{section.7.1}{Riassegnazione}{chapter.7}% 79
\BOOKMARK [1][-]{section.7.2}{Aggiornare le variabili}{chapter.7}% 80
\BOOKMARK [1][-]{section.7.3}{L'istruzione while}{chapter.7}% 81
\BOOKMARK [1][-]{section.7.4}{break}{chapter.7}% 82
\BOOKMARK [1][-]{section.7.5}{Radici quadrate}{chapter.7}% 83
\BOOKMARK [1][-]{section.7.6}{Algoritmi}{chapter.7}% 84
\BOOKMARK [1][-]{section.7.7}{Debug}{chapter.7}% 85
\BOOKMARK [1][-]{section.7.8}{Glossario}{chapter.7}% 86
\BOOKMARK [1][-]{section.7.9}{Esercizi}{chapter.7}% 87
\BOOKMARK [0][-]{chapter.8}{Stringhe}{}% 88
\BOOKMARK [1][-]{section.8.1}{Una stringa \350 una sequenza}{chapter.8}% 89
\BOOKMARK [1][-]{section.8.2}{len}{chapter.8}% 90
\BOOKMARK [1][-]{section.8.3}{Attraversamento con un ciclo for}{chapter.8}% 91
\BOOKMARK [1][-]{section.8.4}{Slicing}{chapter.8}% 92
\BOOKMARK [1][-]{section.8.5}{Le stringhe sono immutabili}{chapter.8}% 93
\BOOKMARK [1][-]{section.8.6}{Ricerca}{chapter.8}% 94
\BOOKMARK [1][-]{section.8.7}{Cicli e contatori}{chapter.8}% 95
\BOOKMARK [1][-]{section.8.8}{Metodi delle stringhe}{chapter.8}% 96
\BOOKMARK [1][-]{section.8.9}{L'operatore in}{chapter.8}% 97
\BOOKMARK [1][-]{section.8.10}{Confronto di stringhe}{chapter.8}% 98
\BOOKMARK [1][-]{section.8.11}{Debug}{chapter.8}% 99
\BOOKMARK [1][-]{section.8.12}{Glossario}{chapter.8}% 100
\BOOKMARK [1][-]{section.8.13}{Esercizi}{chapter.8}% 101
\BOOKMARK [0][-]{chapter.9}{Esercitazione: Giochi con le parole}{}% 102
\BOOKMARK [1][-]{section.9.1}{Leggere elenchi di parole}{chapter.9}% 103
\BOOKMARK [1][-]{section.9.2}{Esercizi}{chapter.9}% 104
\BOOKMARK [1][-]{section.9.3}{Ricerca}{chapter.9}% 105
\BOOKMARK [1][-]{section.9.4}{Cicli con gli indici}{chapter.9}% 106
\BOOKMARK [1][-]{section.9.5}{Debug}{chapter.9}% 107
\BOOKMARK [1][-]{section.9.6}{Glossario}{chapter.9}% 108
\BOOKMARK [1][-]{section.9.7}{Esercizi}{chapter.9}% 109
\BOOKMARK [0][-]{chapter.10}{Liste}{}% 110
\BOOKMARK [1][-]{section.10.1}{Una lista \350 una sequenza}{chapter.10}% 111
\BOOKMARK [1][-]{section.10.2}{Le liste sono mutabili}{chapter.10}% 112
\BOOKMARK [1][-]{section.10.3}{Attraversamento di una lista}{chapter.10}% 113
\BOOKMARK [1][-]{section.10.4}{Operazioni sulle liste}{chapter.10}% 114
\BOOKMARK [1][-]{section.10.5}{Slicing delle liste}{chapter.10}% 115
\BOOKMARK [1][-]{section.10.6}{Metodi delle liste}{chapter.10}% 116
\BOOKMARK [1][-]{section.10.7}{Mappare, filtrare e ridurre}{chapter.10}% 117
\BOOKMARK [1][-]{section.10.8}{Cancellare elementi}{chapter.10}% 118
\BOOKMARK [1][-]{section.10.9}{Liste e stringhe}{chapter.10}% 119
\BOOKMARK [1][-]{section.10.10}{Oggetti e valori}{chapter.10}% 120
\BOOKMARK [1][-]{section.10.11}{Alias}{chapter.10}% 121
\BOOKMARK [1][-]{section.10.12}{Liste come argomenti}{chapter.10}% 122
\BOOKMARK [1][-]{section.10.13}{Debug}{chapter.10}% 123
\BOOKMARK [1][-]{section.10.14}{Glossario}{chapter.10}% 124
\BOOKMARK [1][-]{section.10.15}{Esercizi}{chapter.10}% 125
\BOOKMARK [0][-]{chapter.11}{Dizionari}{}% 126
\BOOKMARK [1][-]{section.11.1}{Un dizionario \350 una mappatura}{chapter.11}% 127
\BOOKMARK [1][-]{section.11.2}{Il dizionario come raccolta di contatori}{chapter.11}% 128
\BOOKMARK [1][-]{section.11.3}{Cicli e dizionari}{chapter.11}% 129
\BOOKMARK [1][-]{section.11.4}{Lookup inverso}{chapter.11}% 130
\BOOKMARK [1][-]{section.11.5}{Dizionari e liste}{chapter.11}% 131
\BOOKMARK [1][-]{section.11.6}{Memoizzazione}{chapter.11}% 132
\BOOKMARK [1][-]{section.11.7}{Variabili globali}{chapter.11}% 133
\BOOKMARK [1][-]{section.11.8}{Debug}{chapter.11}% 134
\BOOKMARK [1][-]{section.11.9}{Glossario}{chapter.11}% 135
\BOOKMARK [1][-]{section.11.10}{Esercizi}{chapter.11}% 136
\BOOKMARK [0][-]{chapter.12}{Tuple}{}% 137
\BOOKMARK [1][-]{section.12.1}{Le tuple sono immutabili}{chapter.12}% 138
\BOOKMARK [1][-]{section.12.2}{Assegnazione di tupla}{chapter.12}% 139
\BOOKMARK [1][-]{section.12.3}{Tuple come valori di ritorno}{chapter.12}% 140
\BOOKMARK [1][-]{section.12.4}{Tuple di argomenti a lunghezza variabile}{chapter.12}% 141
\BOOKMARK [1][-]{section.12.5}{Liste e tuple}{chapter.12}% 142
\BOOKMARK [1][-]{section.12.6}{Dizionari e tuple}{chapter.12}% 143
\BOOKMARK [1][-]{section.12.7}{Sequenze di sequenze}{chapter.12}% 144
\BOOKMARK [1][-]{section.12.8}{Debug}{chapter.12}% 145
\BOOKMARK [1][-]{section.12.9}{Glossario}{chapter.12}% 146
\BOOKMARK [1][-]{section.12.10}{Esercizi}{chapter.12}% 147
\BOOKMARK [0][-]{chapter.13}{Esercitazione: Scelta della struttura di dati}{}% 148
\BOOKMARK [1][-]{section.13.1}{Analisi di frequenza delle parole}{chapter.13}% 149
\BOOKMARK [1][-]{section.13.2}{Numeri casuali}{chapter.13}% 150
\BOOKMARK [1][-]{section.13.3}{Istogramma di parole}{chapter.13}% 151
\BOOKMARK [1][-]{section.13.4}{Parole pi\371 comuni}{chapter.13}% 152
\BOOKMARK [1][-]{section.13.5}{Parametri opzionali}{chapter.13}% 153
\BOOKMARK [1][-]{section.13.6}{Sottrazione di dizionari}{chapter.13}% 154
\BOOKMARK [1][-]{section.13.7}{Parole a caso}{chapter.13}% 155
\BOOKMARK [1][-]{section.13.8}{Analisi di Markov}{chapter.13}% 156
\BOOKMARK [1][-]{section.13.9}{Strutture di dati}{chapter.13}% 157
\BOOKMARK [1][-]{section.13.10}{Debug}{chapter.13}% 158
\BOOKMARK [1][-]{section.13.11}{Glossario}{chapter.13}% 159
\BOOKMARK [1][-]{section.13.12}{Esercizi}{chapter.13}% 160
\BOOKMARK [0][-]{chapter.14}{File}{}% 161
\BOOKMARK [1][-]{section.14.1}{Persistenza}{chapter.14}% 162
\BOOKMARK [1][-]{section.14.2}{Lettura e scrittura}{chapter.14}% 163
\BOOKMARK [1][-]{section.14.3}{L'operatore di formato}{chapter.14}% 164
\BOOKMARK [1][-]{section.14.4}{Nomi di file e percorsi}{chapter.14}% 165
\BOOKMARK [1][-]{section.14.5}{Gestire le eccezioni}{chapter.14}% 166
\BOOKMARK [1][-]{section.14.6}{Database}{chapter.14}% 167
\BOOKMARK [1][-]{section.14.7}{Pickling}{chapter.14}% 168
\BOOKMARK [1][-]{section.14.8}{Pipe}{chapter.14}% 169
\BOOKMARK [1][-]{section.14.9}{Scrivere moduli}{chapter.14}% 170
\BOOKMARK [1][-]{section.14.10}{Debug}{chapter.14}% 171
\BOOKMARK [1][-]{section.14.11}{Glossario}{chapter.14}% 172
\BOOKMARK [1][-]{section.14.12}{Esercizi}{chapter.14}% 173
\BOOKMARK [0][-]{chapter.15}{Classi e oggetti}{}% 174
\BOOKMARK [1][-]{section.15.1}{Tipi personalizzati}{chapter.15}% 175
\BOOKMARK [1][-]{section.15.2}{Attributi}{chapter.15}% 176
\BOOKMARK [1][-]{section.15.3}{Rettangoli}{chapter.15}% 177
\BOOKMARK [1][-]{section.15.4}{Istanze come valori di ritorno}{chapter.15}% 178
\BOOKMARK [1][-]{section.15.5}{Gli oggetti sono mutabili}{chapter.15}% 179
\BOOKMARK [1][-]{section.15.6}{Copia}{chapter.15}% 180
\BOOKMARK [1][-]{section.15.7}{Debug}{chapter.15}% 181
\BOOKMARK [1][-]{section.15.8}{Glossario}{chapter.15}% 182
\BOOKMARK [1][-]{section.15.9}{Esercizi}{chapter.15}% 183
\BOOKMARK [0][-]{chapter.16}{Classi e funzioni}{}% 184
\BOOKMARK [1][-]{section.16.1}{Tempo}{chapter.16}% 185
\BOOKMARK [1][-]{section.16.2}{Funzioni pure}{chapter.16}% 186
\BOOKMARK [1][-]{section.16.3}{Modificatori}{chapter.16}% 187
\BOOKMARK [1][-]{section.16.4}{Sviluppo prototipale e Sviluppo pianificato}{chapter.16}% 188
\BOOKMARK [1][-]{section.16.5}{Debug}{chapter.16}% 189
\BOOKMARK [1][-]{section.16.6}{Glossario}{chapter.16}% 190
\BOOKMARK [1][-]{section.16.7}{Esercizi}{chapter.16}% 191
\BOOKMARK [0][-]{chapter.17}{Classi e metodi}{}% 192
\BOOKMARK [1][-]{section.17.1}{Funzionalit\340 orientate agli oggetti}{chapter.17}% 193
\BOOKMARK [1][-]{section.17.2}{Stampa di oggetti}{chapter.17}% 194
\BOOKMARK [1][-]{section.17.3}{Un altro esempio}{chapter.17}% 195
\BOOKMARK [1][-]{section.17.4}{Un esempio pi\371 complesso}{chapter.17}% 196
\BOOKMARK [1][-]{section.17.5}{Il metodo speciale init}{chapter.17}% 197
\BOOKMARK [1][-]{section.17.6}{Il metodo speciale \137\137str\137\137}{chapter.17}% 198
\BOOKMARK [1][-]{section.17.7}{Operator overloading}{chapter.17}% 199
\BOOKMARK [1][-]{section.17.8}{Smistamento in base al tipo}{chapter.17}% 200
\BOOKMARK [1][-]{section.17.9}{Polimorfismo}{chapter.17}% 201
\BOOKMARK [1][-]{section.17.10}{Debug}{chapter.17}% 202
\BOOKMARK [1][-]{section.17.11}{Interfaccia e implementazione}{chapter.17}% 203
\BOOKMARK [1][-]{section.17.12}{Glossario}{chapter.17}% 204
\BOOKMARK [1][-]{section.17.13}{Esercizi}{chapter.17}% 205
\BOOKMARK [0][-]{chapter.18}{Ereditariet\340}{}% 206
\BOOKMARK [1][-]{section.18.1}{Oggetti Carta}{chapter.18}% 207
\BOOKMARK [1][-]{section.18.2}{Attributi di classe}{chapter.18}% 208
\BOOKMARK [1][-]{section.18.3}{Confrontare le carte}{chapter.18}% 209
\BOOKMARK [1][-]{section.18.4}{Mazzi di carte}{chapter.18}% 210
\BOOKMARK [1][-]{section.18.5}{Stampare il mazzo}{chapter.18}% 211
\BOOKMARK [1][-]{section.18.6}{Aggiungere, togliere, mescolare e ordinare}{chapter.18}% 212
\BOOKMARK [1][-]{section.18.7}{Ereditariet\340}{chapter.18}% 213
\BOOKMARK [1][-]{section.18.8}{Diagrammi di classe}{chapter.18}% 214
\BOOKMARK [1][-]{section.18.9}{Debug}{chapter.18}% 215
\BOOKMARK [1][-]{section.18.10}{Incapsulamento dei dati}{chapter.18}% 216
\BOOKMARK [1][-]{section.18.11}{Glossario}{chapter.18}% 217
\BOOKMARK [1][-]{section.18.12}{Esercizi}{chapter.18}% 218
\BOOKMARK [0][-]{chapter.19}{Ulteriori strumenti}{}% 219
\BOOKMARK [1][-]{section.19.1}{Espressioni condizionali}{chapter.19}% 220
\BOOKMARK [1][-]{section.19.2}{List comprehension}{chapter.19}% 221
\BOOKMARK [1][-]{section.19.3}{Generator expression}{chapter.19}% 222
\BOOKMARK [1][-]{section.19.4}{any e all}{chapter.19}% 223
\BOOKMARK [1][-]{section.19.5}{Insiemi \(set\)}{chapter.19}% 224
\BOOKMARK [1][-]{section.19.6}{Contatori}{chapter.19}% 225
\BOOKMARK [1][-]{section.19.7}{defaultdict}{chapter.19}% 226
\BOOKMARK [1][-]{section.19.8}{Tuple con nome \(namedtuple\)}{chapter.19}% 227
\BOOKMARK [1][-]{section.19.9}{Raccolta di argomenti con nome}{chapter.19}% 228
\BOOKMARK [1][-]{section.19.10}{Glossario}{chapter.19}% 229
\BOOKMARK [1][-]{section.19.11}{Esercizi}{chapter.19}% 230
\BOOKMARK [0][-]{appendix.Alph1}{Debug}{}% 231
\BOOKMARK [1][-]{section.Alph1.1}{Errori di sintassi}{appendix.Alph1}% 232
\BOOKMARK [1][-]{section.Alph1.2}{Errori di runtime}{appendix.Alph1}% 233
\BOOKMARK [1][-]{section.Alph1.3}{Errori di semantica}{appendix.Alph1}% 234
\BOOKMARK [0][-]{appendix.Alph2}{Analisi degli Algoritmi}{}% 235
\BOOKMARK [1][-]{section.Alph2.1}{Ordine di complessit\340}{appendix.Alph2}% 236
\BOOKMARK [1][-]{section.Alph2.2}{Analisi delle operazioni fondamentali di Python}{appendix.Alph2}% 237
\BOOKMARK [1][-]{section.Alph2.3}{Analisi degli algoritmi di ricerca}{appendix.Alph2}% 238
\BOOKMARK [1][-]{section.Alph2.4}{Tabelle hash}{appendix.Alph2}% 239
\BOOKMARK [1][-]{section.Alph2.5}{Glossario}{appendix.Alph2}% 240
