This is pdfTeX, Version 3.14159265-2.6-1.40.17 (TeX Live 2016) (preloaded format=pdflatex 2018.4.26)  30 APR 2018 17:42
entering extended mode
 restricted \write18 enabled.
 %&-line parsing enabled.
**book
(./book.tex
LaTeX2e <2016/03/31>
Babel <3.9r> and hyphenation patterns for 77 language(s) loaded.
(/usr/share/texlive/texmf-dist/tex/latex/base/book.cls
Document Class: book 2014/09/29 v1.4h Standard LaTeX document class
(/usr/share/texlive/texmf-dist/tex/latex/base/bk10.clo
File: bk10.clo 2014/09/29 v1.4h Standard LaTeX file (size option)
)
\c@part=\count79
\c@chapter=\count80
\c@section=\count81
\c@subsection=\count82
\c@subsubsection=\count83
\c@paragraph=\count84
\c@subparagraph=\count85
\c@figure=\count86
\c@table=\count87
\abovecaptionskip=\skip41
\belowcaptionskip=\skip42
\bibindent=\dimen102
)
(/usr/share/texlive/texmf-dist/tex/latex/geometry/geometry.sty
Package: geometry 2010/09/12 v5.6 Page Geometry

(/usr/share/texlive/texmf-dist/tex/latex/graphics/keyval.sty
Package: keyval 2014/10/28 v1.15 key=value parser (DPC)
\KV@toks@=\toks14
)
(/usr/share/texlive/texmf-dist/tex/generic/oberdiek/ifpdf.sty
Package: ifpdf 2016/05/14 v3.1 Provides the ifpdf switch
)
(/usr/share/texlive/texmf-dist/tex/generic/oberdiek/ifvtex.sty
Package: ifvtex 2016/05/16 v1.6 Detect VTeX and its facilities (HO)
Package ifvtex Info: VTeX not detected.
)
(/usr/share/texlive/texmf-dist/tex/generic/ifxetex/ifxetex.sty
Package: ifxetex 2010/09/12 v0.6 Provides ifxetex conditional
)
\Gm@cnth=\count88
\Gm@cntv=\count89
\c@Gm@tempcnt=\count90
\Gm@bindingoffset=\dimen103
\Gm@wd@mp=\dimen104
\Gm@odd@mp=\dimen105
\Gm@even@mp=\dimen106
\Gm@layoutwidth=\dimen107
\Gm@layoutheight=\dimen108
\Gm@layouthoffset=\dimen109
\Gm@layoutvoffset=\dimen110
\Gm@dimlist=\toks15
)
(/usr/share/texlive/texmf-dist/tex/latex/base/fontenc.sty
Package: fontenc 2005/09/27 v1.99g Standard LaTeX package

(/usr/share/texlive/texmf-dist/tex/latex/base/t1enc.def
File: t1enc.def 2005/09/27 v1.99g Standard LaTeX file
LaTeX Font Info:    Redeclaring font encoding T1 on input line 48.
))
(/usr/share/texlive/texmf-dist/tex/latex/base/textcomp.sty
Package: textcomp 2005/09/27 v1.99g Standard LaTeX package
Package textcomp Info: Sub-encoding information:
(textcomp)               5 = only ISO-Adobe without \textcurrency
(textcomp)               4 = 5 + \texteuro
(textcomp)               3 = 4 + \textohm
(textcomp)               2 = 3 + \textestimated + \textcurrency
(textcomp)               1 = TS1 - \textcircled - \t
(textcomp)               0 = TS1 (full)
(textcomp)             Font families with sub-encoding setting implement
(textcomp)             only a restricted character set as indicated.
(textcomp)             Family '?' is the default used for unknown fonts.
(textcomp)             See the documentation for details.
Package textcomp Info: Setting ? sub-encoding to TS1/1 on input line 79.

(/usr/share/texlive/texmf-dist/tex/latex/base/ts1enc.def
File: ts1enc.def 2001/06/05 v3.0e (jk/car/fm) Standard LaTeX file
)
LaTeX Info: Redefining \oldstylenums on input line 334.
Package textcomp Info: Setting cmr sub-encoding to TS1/0 on input line 349.
Package textcomp Info: Setting cmss sub-encoding to TS1/0 on input line 350.
Package textcomp Info: Setting cmtt sub-encoding to TS1/0 on input line 351.
Package textcomp Info: Setting cmvtt sub-encoding to TS1/0 on input line 352.
Package textcomp Info: Setting cmbr sub-encoding to TS1/0 on input line 353.
Package textcomp Info: Setting cmtl sub-encoding to TS1/0 on input line 354.
Package textcomp Info: Setting ccr sub-encoding to TS1/0 on input line 355.
Package textcomp Info: Setting ptm sub-encoding to TS1/4 on input line 356.
Package textcomp Info: Setting pcr sub-encoding to TS1/4 on input line 357.
Package textcomp Info: Setting phv sub-encoding to TS1/4 on input line 358.
Package textcomp Info: Setting ppl sub-encoding to TS1/3 on input line 359.
Package textcomp Info: Setting pag sub-encoding to TS1/4 on input line 360.
Package textcomp Info: Setting pbk sub-encoding to TS1/4 on input line 361.
Package textcomp Info: Setting pnc sub-encoding to TS1/4 on input line 362.
Package textcomp Info: Setting pzc sub-encoding to TS1/4 on input line 363.
Package textcomp Info: Setting bch sub-encoding to TS1/4 on input line 364.
Package textcomp Info: Setting put sub-encoding to TS1/5 on input line 365.
Package textcomp Info: Setting uag sub-encoding to TS1/5 on input line 366.
Package textcomp Info: Setting ugq sub-encoding to TS1/5 on input line 367.
Package textcomp Info: Setting ul8 sub-encoding to TS1/4 on input line 368.
Package textcomp Info: Setting ul9 sub-encoding to TS1/4 on input line 369.
Package textcomp Info: Setting augie sub-encoding to TS1/5 on input line 370.
Package textcomp Info: Setting dayrom sub-encoding to TS1/3 on input line 371.
Package textcomp Info: Setting dayroms sub-encoding to TS1/3 on input line 372.

Package textcomp Info: Setting pxr sub-encoding to TS1/0 on input line 373.
Package textcomp Info: Setting pxss sub-encoding to TS1/0 on input line 374.
Package textcomp Info: Setting pxtt sub-encoding to TS1/0 on input line 375.
Package textcomp Info: Setting txr sub-encoding to TS1/0 on input line 376.
Package textcomp Info: Setting txss sub-encoding to TS1/0 on input line 377.
Package textcomp Info: Setting txtt sub-encoding to TS1/0 on input line 378.
Package textcomp Info: Setting lmr sub-encoding to TS1/0 on input line 379.
Package textcomp Info: Setting lmdh sub-encoding to TS1/0 on input line 380.
Package textcomp Info: Setting lmss sub-encoding to TS1/0 on input line 381.
Package textcomp Info: Setting lmssq sub-encoding to TS1/0 on input line 382.
Package textcomp Info: Setting lmvtt sub-encoding to TS1/0 on input line 383.
Package textcomp Info: Setting lmtt sub-encoding to TS1/0 on input line 384.
Package textcomp Info: Setting qhv sub-encoding to TS1/0 on input line 385.
Package textcomp Info: Setting qag sub-encoding to TS1/0 on input line 386.
Package textcomp Info: Setting qbk sub-encoding to TS1/0 on input line 387.
Package textcomp Info: Setting qcr sub-encoding to TS1/0 on input line 388.
Package textcomp Info: Setting qcs sub-encoding to TS1/0 on input line 389.
Package textcomp Info: Setting qpl sub-encoding to TS1/0 on input line 390.
Package textcomp Info: Setting qtm sub-encoding to TS1/0 on input line 391.
Package textcomp Info: Setting qzc sub-encoding to TS1/0 on input line 392.
Package textcomp Info: Setting qhvc sub-encoding to TS1/0 on input line 393.
Package textcomp Info: Setting futs sub-encoding to TS1/4 on input line 394.
Package textcomp Info: Setting futx sub-encoding to TS1/4 on input line 395.
Package textcomp Info: Setting futj sub-encoding to TS1/4 on input line 396.
Package textcomp Info: Setting hlh sub-encoding to TS1/3 on input line 397.
Package textcomp Info: Setting hls sub-encoding to TS1/3 on input line 398.
Package textcomp Info: Setting hlst sub-encoding to TS1/3 on input line 399.
Package textcomp Info: Setting hlct sub-encoding to TS1/5 on input line 400.
Package textcomp Info: Setting hlx sub-encoding to TS1/5 on input line 401.
Package textcomp Info: Setting hlce sub-encoding to TS1/5 on input line 402.
Package textcomp Info: Setting hlcn sub-encoding to TS1/5 on input line 403.
Package textcomp Info: Setting hlcw sub-encoding to TS1/5 on input line 404.
Package textcomp Info: Setting hlcf sub-encoding to TS1/5 on input line 405.
Package textcomp Info: Setting pplx sub-encoding to TS1/3 on input line 406.
Package textcomp Info: Setting pplj sub-encoding to TS1/3 on input line 407.
Package textcomp Info: Setting ptmx sub-encoding to TS1/4 on input line 408.
Package textcomp Info: Setting ptmj sub-encoding to TS1/4 on input line 409.
)
(/usr/share/texlive/texmf-dist/tex/latex/psnfss/mathpazo.sty
Package: mathpazo 2005/04/12 PSNFSS-v9.2a Palatino w/ Pazo Math (D.Puga, WaS) 
\symupright=\mathgroup4
)
(/usr/share/texlive/texmf-dist/tex/latex/url/url.sty
\Urlmuskip=\muskip10
Package: url 2013/09/16  ver 3.4  Verb mode for urls, etc.
)
(/usr/share/texlive/texmf-dist/tex/latex/fancyhdr/fancyhdr.sty
\fancy@headwidth=\skip43
\f@ncyO@elh=\skip44
\f@ncyO@erh=\skip45
\f@ncyO@olh=\skip46
\f@ncyO@orh=\skip47
\f@ncyO@elf=\skip48
\f@ncyO@erf=\skip49
\f@ncyO@olf=\skip50
\f@ncyO@orf=\skip51
)
(/usr/share/texlive/texmf-dist/tex/latex/graphics/graphicx.sty
Package: graphicx 2014/10/28 v1.0g Enhanced LaTeX Graphics (DPC,SPQR)

(/usr/share/texlive/texmf-dist/tex/latex/graphics/graphics.sty
Package: graphics 2016/05/09 v1.0r Standard LaTeX Graphics (DPC,SPQR)

(/usr/share/texlive/texmf-dist/tex/latex/graphics/trig.sty
Package: trig 2016/01/03 v1.10 sin cos tan (DPC)
)
(/usr/share/texlive/texmf-dist/tex/latex/graphics-cfg/graphics.cfg
File: graphics.cfg 2016/01/02 v1.10 sample graphics configuration
)
Package graphics Info: Driver file: pdftex.def on input line 96.

(/usr/share/texlive/texmf-dist/tex/latex/graphics-def/pdftex.def
File: pdftex.def 2016/07/10 v0.06j Graphics/color for pdfTeX

(/usr/share/texlive/texmf-dist/tex/generic/oberdiek/infwarerr.sty
Package: infwarerr 2016/05/16 v1.4 Providing info/warning/error messages (HO)
)
(/usr/share/texlive/texmf-dist/tex/generic/oberdiek/ltxcmds.sty
Package: ltxcmds 2016/05/16 v1.23 LaTeX kernel commands for general use (HO)
)
\Gread@gobject=\count91
))
\Gin@req@height=\dimen111
\Gin@req@width=\dimen112
)
(/usr/share/texlive/texmf-dist/tex/latex/amsmath/amsmath.sty
Package: amsmath 2016/06/28 v2.15d AMS math features
\@mathmargin=\skip52

For additional information on amsmath, use the `?' option.
(/usr/share/texlive/texmf-dist/tex/latex/amsmath/amstext.sty
Package: amstext 2000/06/29 v2.01 AMS text

(/usr/share/texlive/texmf-dist/tex/latex/amsmath/amsgen.sty
File: amsgen.sty 1999/11/30 v2.0 generic functions
\@emptytoks=\toks16
\ex@=\dimen113
))
(/usr/share/texlive/texmf-dist/tex/latex/amsmath/amsbsy.sty
Package: amsbsy 1999/11/29 v1.2d Bold Symbols
\pmbraise@=\dimen114
)
(/usr/share/texlive/texmf-dist/tex/latex/amsmath/amsopn.sty
Package: amsopn 2016/03/08 v2.02 operator names
)
\inf@bad=\count92
LaTeX Info: Redefining \frac on input line 199.
\uproot@=\count93
\leftroot@=\count94
LaTeX Info: Redefining \overline on input line 297.
\classnum@=\count95
\DOTSCASE@=\count96
LaTeX Info: Redefining \ldots on input line 394.
LaTeX Info: Redefining \dots on input line 397.
LaTeX Info: Redefining \cdots on input line 518.
\Mathstrutbox@=\box26
\strutbox@=\box27
\big@size=\dimen115
LaTeX Font Info:    Redeclaring font encoding OML on input line 634.
LaTeX Font Info:    Redeclaring font encoding OMS on input line 635.
\macc@depth=\count97
\c@MaxMatrixCols=\count98
\dotsspace@=\muskip11
\c@parentequation=\count99
\dspbrk@lvl=\count100
\tag@help=\toks17
\row@=\count101
\column@=\count102
\maxfields@=\count103
\andhelp@=\toks18
\eqnshift@=\dimen116
\alignsep@=\dimen117
\tagshift@=\dimen118
\tagwidth@=\dimen119
\totwidth@=\dimen120
\lineht@=\dimen121
\@envbody=\toks19
\multlinegap=\skip53
\multlinetaggap=\skip54
\mathdisplay@stack=\toks20
LaTeX Info: Redefining \[ on input line 2739.
LaTeX Info: Redefining \] on input line 2740.
)
(/usr/share/texlive/texmf-dist/tex/latex/amscls/amsthm.sty
Package: amsthm 2015/03/04 v2.20.2
\thm@style=\toks21
\thm@bodyfont=\toks22
\thm@headfont=\toks23
\thm@notefont=\toks24
\thm@headpunct=\toks25
\thm@preskip=\skip55
\thm@postskip=\skip56
\thm@headsep=\skip57
\dth@everypar=\toks26
)
(/usr/share/texlive/texmf-dist/tex/latex/amsfonts/amssymb.sty
Package: amssymb 2013/01/14 v3.01 AMS font symbols

(/usr/share/texlive/texmf-dist/tex/latex/amsfonts/amsfonts.sty
Package: amsfonts 2013/01/14 v3.01 Basic AMSFonts support
\symAMSa=\mathgroup5
\symAMSb=\mathgroup6
LaTeX Font Info:    Overwriting math alphabet `\mathfrak' in version `bold'
(Font)                  U/euf/m/n --> U/euf/b/n on input line 106.
))
(/usr/share/texlive/texmf-dist/tex/latex/exercise/exercise.sty
Package: exercise 2014/10/20 v1.6 Exercise package (P.Pichaureau)

(/usr/share/texlive/texmf-dist/tex/latex/base/ifthen.sty
Package: ifthen 2014/09/29 v1.1c Standard LaTeX ifthen package (DPC)
)
\ExerciseSkipBefore=\skip58
\ExerciseSkipAfter=\skip59
\AnswerSkipBefore=\skip60
\AnswerSkipAfter=\skip61
\Exesep=\skip62
\Exetopsep=\skip63
\Exeparsep=\skip64
\Exepartopsep=\skip65
\Exeleftmargin=\skip66
\Exerightmargin=\skip67
\Exelabelwidth=\skip68
\Exelabelsep=\skip69
\ExerciseBefore=\skip70
\QuestionBefore=\skip71
\subQuestionBefore=\skip72
\subsubQuestionBefore=\skip73
\QuestionIndent=\skip74
\subQuestionIndent=\skip75
\subsubQuestionIndent=\skip76
\c@Exercise=\count104
\c@Answer=\count105
\c@ExePart=\count106
\c@Question=\count107
\c@subQuestion=\count108
\c@subsubQuestion=\count109
\c@savedQuestion=\count110
\c@savedsubQuestion=\count111
\c@savedsubsubQuestion=\count112
\@QuestionLevel=\count113
\@Exercisebox=\box28
\all@Exercisebox=\box29
\temp@Exercisebox=\box30
\all@Answerbox=\box31
\temp@Answerbox=\box32
\ExerciseDifficulty=\count114
\QuestionDifficulty=\count115
\subQuestionDifficulty=\count116
\subsubQuestionDifficulty=\count117
\ExePartDifficulty=\count118
\@Answerbox=\box33
\colonnesLevel=\count119
\tempskipa=\skip77
\tempskipb=\skip78
\@savedmathindent=\skip79
)
(/usr/share/texlive/texmf-dist/tex/latex/base/makeidx.sty
Package: makeidx 2014/09/29 v1.0m Standard LaTeX package
)
(/usr/share/texlive/texmf-dist/tex/latex/setspace/setspace.sty
Package: setspace 2011/12/19 v6.7a set line spacing
)
(/usr/share/texlive/texmf-local/tex/latex/hevea/hevea.sty
Package: hevea 2002/01/11

(/usr/share/texlive/texmf-dist/tex/latex/comment/comment.sty
\CommentStream=\write3

Excluding comment 'comment')
\c@cuttingdepth=\count120
 Excluding comment 'rawhtml'
Excluding comment 'htmlonly'
\@bgcolorbin=\box34
)
(/usr/share/texlive/texmf-dist/tex/latex/upquote/upquote.sty
Package: upquote 2012/04/19 v1.3 upright-quote and grave-accent glyphs in verba
tim
)
(/usr/share/texlive/texmf-dist/tex/latex/appendix/appendix.sty
Package: appendix 2009/09/02 v1.2b extra appendix facilities
\c@@pps=\count121
\c@@ppsavesec=\count122
\c@@ppsaveapp=\count123
)
(/usr/share/texlive/texmf-dist/tex/generic/babel/babel.sty
Package: babel 2016/04/23 3.9r The Babel package

(/usr/share/texlive/texmf-dist/tex/generic/babel-italian/italian.ldf
Language: italian 2015/03/26 v1.3n Italian support from the babel system

(/usr/share/texlive/texmf-dist/tex/generic/babel/babel.def
File: babel.def 2016/04/23 3.9r Babel common definitions
\babel@savecnt=\count124
\U@D=\dimen122
)
\it@lettering=\count125
\it@doublequoteactive=\count126
\it@ISOcompliance=\count127
))
(/usr/share/texlive/texmf-dist/tex/latex/etoolbox/etoolbox.sty
Package: etoolbox 2015/08/02 v2.2a e-TeX tools for LaTeX (JAW)
\etb@tempcnta=\count128
)
(/usr/share/texlive/texmf-dist/tex/latex/base/inputenc.sty
Package: inputenc 2015/03/17 v1.2c Input encoding file
\inpenc@prehook=\toks27
\inpenc@posthook=\toks28

(/usr/share/texlive/texmf-dist/tex/latex/ucs/utf8x.def
File: utf8x.def 2004/10/17 UCS: Input encoding UTF-8
))
(/usr/share/texlive/texmf-dist/tex/latex/ucs/ucs.sty
Package: ucs 2013/05/11 v2.2 UCS: Unicode input support

(/usr/share/texlive/texmf-dist/tex/latex/ucs/data/uni-global.def
File: uni-global.def 2013/05/13 UCS: Unicode global data
)
\uc@secondtry=\count129
\uc@combtoks=\toks29
\uc@combtoksb=\toks30
\uc@temptokena=\toks31
)
(/usr/share/texlive/texmf-dist/tex/latex/base/latexsym.sty
Package: latexsym 1998/08/17 v2.2e Standard LaTeX package (lasy symbols)
\symlasy=\mathgroup7
LaTeX Font Info:    Overwriting symbol font `lasy' in version `bold'
(Font)                  U/lasy/m/n --> U/lasy/b/n on input line 52.
)
(/usr/share/texlive/texmf-dist/tex/latex/hyperref/hyperref.sty
Package: hyperref 2016/05/21 v6.83p Hypertext links for LaTeX

(/usr/share/texlive/texmf-dist/tex/generic/oberdiek/hobsub-hyperref.sty
Package: hobsub-hyperref 2016/05/16 v1.14 Bundle oberdiek, subset hyperref (HO)


(/usr/share/texlive/texmf-dist/tex/generic/oberdiek/hobsub-generic.sty
Package: hobsub-generic 2016/05/16 v1.14 Bundle oberdiek, subset generic (HO)
Package: hobsub 2016/05/16 v1.14 Construct package bundles (HO)
Package hobsub Info: Skipping package `infwarerr' (already loaded).
Package hobsub Info: Skipping package `ltxcmds' (already loaded).
Package: ifluatex 2016/05/16 v1.4 Provides the ifluatex switch (HO)
Package ifluatex Info: LuaTeX not detected.
Package hobsub Info: Skipping package `ifvtex' (already loaded).
Package: intcalc 2016/05/16 v1.2 Expandable calculations with integers (HO)
Package hobsub Info: Skipping package `ifpdf' (already loaded).
Package: etexcmds 2016/05/16 v1.6 Avoid name clashes with e-TeX commands (HO)
Package etexcmds Info: Could not find \expanded.
(etexcmds)             That can mean that you are not using pdfTeX 1.50 or
(etexcmds)             that some package has redefined \expanded.
(etexcmds)             In the latter case, load this package earlier.
Package: kvsetkeys 2016/05/16 v1.17 Key value parser (HO)
Package: kvdefinekeys 2016/05/16 v1.4 Define keys (HO)
Package: pdftexcmds 2016/05/21 v0.22 Utility functions of pdfTeX for LuaTeX (HO
)
Package pdftexcmds Info: LuaTeX not detected.
Package pdftexcmds Info: \pdf@primitive is available.
Package pdftexcmds Info: \pdf@ifprimitive is available.
Package pdftexcmds Info: \pdfdraftmode found.
Package: pdfescape 2016/05/16 v1.14 Implements pdfTeX's escape features (HO)
Package: bigintcalc 2016/05/16 v1.4 Expandable calculations on big integers (HO
)
Package: bitset 2016/05/16 v1.2 Handle bit-vector datatype (HO)
Package: uniquecounter 2016/05/16 v1.3 Provide unlimited unique counter (HO)
)
Package hobsub Info: Skipping package `hobsub' (already loaded).
Package: letltxmacro 2016/05/16 v1.5 Let assignment for LaTeX macros (HO)
Package: hopatch 2016/05/16 v1.3 Wrapper for package hooks (HO)
Package: xcolor-patch 2016/05/16 xcolor patch
Package: atveryend 2016/05/16 v1.9 Hooks at the very end of document (HO)
Package: atbegshi 2016/06/09 v1.18 At begin shipout hook (HO)
Package: refcount 2016/05/16 v3.5 Data extraction from label references (HO)
Package: hycolor 2016/05/16 v1.8 Color options for hyperref/bookmark (HO)
)
(/usr/share/texlive/texmf-dist/tex/latex/oberdiek/auxhook.sty
Package: auxhook 2016/05/16 v1.4 Hooks for auxiliary files (HO)
)
(/usr/share/texlive/texmf-dist/tex/latex/oberdiek/kvoptions.sty
Package: kvoptions 2016/05/16 v3.12 Key value format for package options (HO)
)
\@linkdim=\dimen123
\Hy@linkcounter=\count130
\Hy@pagecounter=\count131

(/usr/share/texlive/texmf-dist/tex/latex/hyperref/pd1enc.def
File: pd1enc.def 2016/05/21 v6.83p Hyperref: PDFDocEncoding definition (HO)
)
\Hy@SavedSpaceFactor=\count132

(/usr/share/texlive/texmf-dist/tex/latex/latexconfig/hyperref.cfg
File: hyperref.cfg 2002/06/06 v1.2 hyperref configuration of TeXLive
)
Package hyperref Info: Option `bookmarks' set `true' on input line 4362.
Package hyperref Info: Hyper figures OFF on input line 4486.
Package hyperref Info: Link nesting OFF on input line 4491.
Package hyperref Info: Hyper index ON on input line 4494.
Package hyperref Info: Plain pages OFF on input line 4501.
Package hyperref Info: Backreferencing OFF on input line 4506.
Package hyperref Info: Implicit mode ON; LaTeX internals redefined.
Package hyperref Info: Bookmarks ON on input line 4735.
\c@Hy@tempcnt=\count133
LaTeX Info: Redefining \url on input line 5088.
\XeTeXLinkMargin=\dimen124
\Fld@menulength=\count134
\Field@Width=\dimen125
\Fld@charsize=\dimen126
Package hyperref Info: Hyper figures OFF on input line 6342.
Package hyperref Info: Link nesting OFF on input line 6347.
Package hyperref Info: Hyper index ON on input line 6350.
Package hyperref Info: backreferencing OFF on input line 6357.
Package hyperref Info: Link coloring OFF on input line 6362.
Package hyperref Info: Link coloring with OCG OFF on input line 6367.
Package hyperref Info: PDF/A mode OFF on input line 6372.
LaTeX Info: Redefining \ref on input line 6412.
LaTeX Info: Redefining \pageref on input line 6416.
\Hy@abspage=\count135
\c@Item=\count136
\c@Hfootnote=\count137
)

Package hyperref Message: Driver (autodetected): hpdftex.

(/usr/share/texlive/texmf-dist/tex/latex/hyperref/hpdftex.def
File: hpdftex.def 2016/05/21 v6.83p Hyperref driver for pdfTeX
\Fld@listcount=\count138
\c@bookmark@seq@number=\count139

(/usr/share/texlive/texmf-dist/tex/latex/oberdiek/rerunfilecheck.sty
Package: rerunfilecheck 2016/05/16 v1.8 Rerun checks for auxiliary files (HO)
Package uniquecounter Info: New unique counter `rerunfilecheck' on input line 2
82.
)
\Hy@SectionHShift=\skip80
)
\@indexfile=\write4
\openout4 = `book.idx'.


Writing index file book.idx
(./book.aux)
\openout1 = `book.aux'.

LaTeX Font Info:    Checking defaults for OML/cmm/m/it on input line 57.
LaTeX Font Info:    ... okay on input line 57.
LaTeX Font Info:    Checking defaults for T1/cmr/m/n on input line 57.
LaTeX Font Info:    ... okay on input line 57.
LaTeX Font Info:    Checking defaults for OT1/cmr/m/n on input line 57.
LaTeX Font Info:    ... okay on input line 57.
LaTeX Font Info:    Checking defaults for OMS/cmsy/m/n on input line 57.
LaTeX Font Info:    ... okay on input line 57.
LaTeX Font Info:    Checking defaults for OMX/cmex/m/n on input line 57.
LaTeX Font Info:    ... okay on input line 57.
LaTeX Font Info:    Checking defaults for U/cmr/m/n on input line 57.
LaTeX Font Info:    ... okay on input line 57.
LaTeX Font Info:    Checking defaults for TS1/cmr/m/n on input line 57.
LaTeX Font Info:    Try loading font information for TS1+cmr on input line 57.
 (/usr/share/texlive/texmf-dist/tex/latex/base/ts1cmr.fd
File: ts1cmr.fd 2014/09/29 v2.5h Standard LaTeX font definitions
)
LaTeX Font Info:    ... okay on input line 57.
LaTeX Font Info:    Checking defaults for PD1/pdf/m/n on input line 57.
LaTeX Font Info:    ... okay on input line 57.
LaTeX Font Info:    Try loading font information for T1+ppl on input line 57.

(/usr/share/texlive/texmf-dist/tex/latex/psnfss/t1ppl.fd
File: t1ppl.fd 2001/06/04 font definitions for T1/ppl.
)
*geometry* driver: auto-detecting
*geometry* detected driver: pdftex
*geometry* verbose mode - [ preamble ] result:
* driver: pdftex
* paper: <default>
* layout: <same size as paper>
* layoutoffset:(h,v)=(0.0pt,0.0pt)
* hratio: 3:2
* vratio: 1:1
* modes: twoside 
* h-part:(L,W,R)=(130.086pt, 397.48499pt, 86.72401pt)
* v-part:(T,H,B)=(90.3375pt, 614.295pt, 90.3375pt)
* \paperwidth=614.295pt
* \paperheight=794.96999pt
* \textwidth=397.48499pt
* \textheight=614.295pt
* \oddsidemargin=57.81601pt
* \evensidemargin=14.45403pt
* \topmargin=-11.99998pt
* \headheight=12.0pt
* \headsep=18.06749pt
* \topskip=10.0pt
* \footskip=25.29494pt
* \marginparwidth=125.0pt
* \marginparsep=7.0pt
* \columnsep=10.0pt
* \skip\footins=9.0pt plus 4.0pt minus 2.0pt
* \hoffset=0.0pt
* \voffset=0.0pt
* \mag=1000
* \@twocolumnfalse
* \@twosidetrue
* \@mparswitchtrue
* \@reversemarginfalse
* (1in=72.27pt=25.4mm, 1cm=28.453pt)

(/usr/share/texlive/texmf-dist/tex/context/base/mkii/supp-pdf.mkii
[Loading MPS to PDF converter (version 2006.09.02).]
\scratchcounter=\count140
\scratchdimen=\dimen127
\scratchbox=\box35
\nofMPsegments=\count141
\nofMParguments=\count142
\everyMPshowfont=\toks32
\MPscratchCnt=\count143
\MPscratchDim=\dimen128
\MPnumerator=\count144
\makeMPintoPDFobject=\count145
\everyMPtoPDFconversion=\toks33
) (/usr/share/texlive/texmf-dist/tex/latex/oberdiek/epstopdf-base.sty
Package: epstopdf-base 2016/05/15 v2.6 Base part for package epstopdf

(/usr/share/texlive/texmf-dist/tex/latex/oberdiek/grfext.sty
Package: grfext 2016/05/16 v1.2 Manage graphics extensions (HO)
)
Package epstopdf-base Info: Redefining graphics rule for `.eps' on input line 4
38.
Package grfext Info: Graphics extension search list:
(grfext)             [.png,.pdf,.jpg,.mps,.jpeg,.jbig2,.jb2,.PNG,.PDF,.JPG,.JPE
G,.JBIG2,.JB2,.eps]
(grfext)             \AppendGraphicsExtensions on input line 456.

(/usr/share/texlive/texmf-dist/tex/latex/latexconfig/epstopdf-sys.cfg
File: epstopdf-sys.cfg 2010/07/13 v1.3 Configuration of (r)epstopdf for TeX Liv
e
))
LaTeX Info: Redefining \it@ocap on input line 57.
LaTeX Info: Redefining \it@ccap on input line 57.

(/usr/share/texlive/texmf-dist/tex/latex/ucs/ucsencs.def
File: ucsencs.def 2011/01/21 Fixes to fontencodings LGR, T3
)
\AtBeginShipoutBox=\box36
Package hyperref Info: Link coloring OFF on input line 57.

(/usr/share/texlive/texmf-dist/tex/latex/hyperref/nameref.sty
Package: nameref 2016/05/21 v2.44 Cross-referencing by name of section

(/usr/share/texlive/texmf-dist/tex/generic/oberdiek/gettitlestring.sty
Package: gettitlestring 2016/05/16 v1.5 Cleanup title references (HO)
)
\c@section@level=\count146
)
LaTeX Info: Redefining \ref on input line 57.
LaTeX Info: Redefining \pageref on input line 57.
LaTeX Info: Redefining \nameref on input line 57.

(./book.out) (./book.out)
\@outlinefile=\write5
\openout5 = `book.out'.

\c@exercise=\count147
 (./latexonly) [1


{/usr/share/texlive/texmf-dist/fonts/map/pdftex/updmap/pdftex.map}] [2] [3]
LaTeX Font Info:    Try loading font information for TS1+ppl on input line 168.


(/usr/share/texlive/texmf-dist/tex/latex/psnfss/ts1ppl.fd
File: ts1ppl.fd 2001/06/04 font definitions for TS1/ppl.
)
(/usr/share/texlive/texmf-dist/tex/latex/ucs/data/uni-0.def
File: uni-0.def 2013/05/13 UCS: Unicode data U+0000..U+00FF
)
LaTeX Font Info:    Try loading font information for T1+cmtt on input line 179.


(/usr/share/texlive/texmf-dist/tex/latex/base/t1cmtt.fd
File: t1cmtt.fd 2014/09/29 v2.5h Standard LaTeX font definitions
)
LaTeX Font Info:    Try loading font information for OT1+ppl on input line 179.


(/usr/share/texlive/texmf-dist/tex/latex/psnfss/ot1ppl.fd
File: ot1ppl.fd 2001/06/04 font definitions for OT1/ppl.
)
LaTeX Font Info:    Try loading font information for OML+zplm on input line 179
.

(/usr/share/texlive/texmf-dist/tex/latex/psnfss/omlzplm.fd
File: omlzplm.fd 2002/09/08 Fontinst v1.914 font definitions for OML/zplm.
)
LaTeX Font Info:    Try loading font information for OMS+zplm on input line 179
.

(/usr/share/texlive/texmf-dist/tex/latex/psnfss/omszplm.fd
File: omszplm.fd 2002/09/08 Fontinst v1.914 font definitions for OMS/zplm.
)
LaTeX Font Info:    Try loading font information for OMX+zplm on input line 179
.

(/usr/share/texlive/texmf-dist/tex/latex/psnfss/omxzplm.fd
File: omxzplm.fd 2002/09/08 Fontinst v1.914 font definitions for OMX/zplm.
)
LaTeX Font Info:    Try loading font information for OT1+zplm on input line 179
.

(/usr/share/texlive/texmf-dist/tex/latex/psnfss/ot1zplm.fd
File: ot1zplm.fd 2002/09/08 Fontinst v1.914 font definitions for OT1/zplm.
)
LaTeX Font Info:    Font shape `U/msa/m/n' will be
(Font)              scaled to size 9.37807pt on input line 179.
LaTeX Font Info:    Font shape `U/msa/m/n' will be
(Font)              scaled to size 7.29405pt on input line 179.
LaTeX Font Info:    Font shape `U/msa/m/n' will be
(Font)              scaled to size 5.21004pt on input line 179.
LaTeX Font Info:    Font shape `U/msb/m/n' will be
(Font)              scaled to size 9.37807pt on input line 179.
LaTeX Font Info:    Font shape `U/msb/m/n' will be
(Font)              scaled to size 7.29405pt on input line 179.
LaTeX Font Info:    Font shape `U/msb/m/n' will be
(Font)              scaled to size 5.21004pt on input line 179.
LaTeX Font Info:    Try loading font information for U+lasy on input line 179.

(/usr/share/texlive/texmf-dist/tex/latex/base/ulasy.fd
File: ulasy.fd 1998/08/17 v2.2e LaTeX symbol font definitions
)
Excluding 'htmlonly' comment. [4]
LaTeX Font Info:    Font shape `T1/ppl/bx/n' in size <24.88> not available
(Font)              Font shape `T1/ppl/b/n' tried instead on input line 221.
LaTeX Font Info:    Font shape `T1/ppl/bx/n' in size <14.4> not available
(Font)              Font shape `T1/ppl/b/n' tried instead on input line 223.
 [5

]
Underfull \hbox (badness 1147) in paragraph at lines 267--268
[]\T1/ppl/m/n/10 Ho ag-giun-to al-tri eser-ci-zi, da bre-vi te-st di ap-pren-di
-men-to ad al-cu-ni pro-get-ti
 []


Underfull \hbox (badness 10000) in paragraph at lines 294--295

 []


Underfull \hbox (badness 10000) in paragraph at lines 296--297

 []

LaTeX Font Info:    Font shape `T1/ppl/bx/n' in size <10> not available
(Font)              Font shape `T1/ppl/b/n' tried instead on input line 312.
[6]
Underfull \hbox (badness 10000) in paragraph at lines 327--329
[]\T1/ppl/m/n/10 Se vo-le-te pro-por-re sug-ge-ri-men-ti o cor-re-zio-ni, in-vi
a-te una email a
 []

[7] [8] [9] [10]
Underfull \hbox (badness 1769) in paragraph at lines 564--565
[]\T1/ppl/m/n/9 Frank Hec-ker ha os-ser-va-to un eser-ci-zio non ben spie-ga-to
 e al-cu-ni col-le-ga-men-ti non
 []

[11] [12] (./book.toc
LaTeX Font Info:    Font shape `U/msa/m/n' will be
(Font)              scaled to size 10.42007pt on input line 5.
LaTeX Font Info:    Font shape `U/msa/m/n' will be
(Font)              scaled to size 7.91925pt on input line 5.
LaTeX Font Info:    Font shape `U/msa/m/n' will be
(Font)              scaled to size 6.25204pt on input line 5.
LaTeX Font Info:    Font shape `U/msb/m/n' will be
(Font)              scaled to size 10.42007pt on input line 5.
LaTeX Font Info:    Font shape `U/msb/m/n' will be
(Font)              scaled to size 7.91925pt on input line 5.
LaTeX Font Info:    Font shape `U/msb/m/n' will be
(Font)              scaled to size 6.25204pt on input line 5.
 [13


] [14] [15] [16] [17] [18] [19] [20])
\tf@toc=\write6
\openout6 = `book.toc'.

 [21] [22

]
Capitolo 1.
LaTeX Font Info:    Font shape `T1/ppl/bx/n' in size <20.74> not available
(Font)              Font shape `T1/ppl/b/n' tried instead on input line 619.
[1


] [2]
LaTeX Font Info:    Try loading font information for TS1+cmtt on input line 701
.
 (/usr/share/texlive/texmf-dist/tex/latex/base/ts1cmtt.fd
File: ts1cmtt.fd 2014/09/29 v2.5h Standard LaTeX font definitions
) [3] [4]
Underfull \hbox (badness 2189) in paragraph at lines 844--845
[]\T1/ppl/b/n/10 I lin-guag-gi di pro-gram-ma-zio-ne so-no lin-guag-gi for-ma-l
i pro-get-ta-ti per
 []

[5] [6]
Underfull \hbox (badness 1043) in paragraph at lines 926--928
[]\T1/ppl/m/n/10 Un lin-guag-gio di pro-gram-ma-zio-ne pro-get-ta-to per es-se-
re
 []

[7]
LaTeX Font Info:    Font shape `T1/ppl/bx/it' in size <10> not available
(Font)              Font shape `T1/ppl/b/it' tried instead on input line 970.
 [8]
Capitolo 2.
<figs/state2.pdf, id=1371, 320.19624pt x 60.225pt>
File: figs/state2.pdf Graphic file (type pdf)
 <use figs/state2.pdf>
Package pdftex.def Info: figs/state2.pdf used on input line 1066.
(pdftex.def)             Requested size: 256.15733pt x 48.18005pt.

[9

 <./figs/state2.pdf>] [10] [11] [12] [13]
LaTeX Font Info:    Font shape `T1/ppl/bx/n' in size <12> not available
(Font)              Font shape `T1/ppl/b/n' tried instead on input line 1305.
 [14]
Underfull \hbox (badness 1147) in paragraph at lines 1379--1381
[]\T1/ppl/m/n/10 Regole che sta-bi-li-sco-no l'or-di-ne in cui ven-go-no va-lu-
ta-te le
 []


Underfull \hbox (badness 3758) in paragraph at lines 1388--1390
[]\T1/ppl/m/n/10 Errore in un pro-gram-ma che ne ren-de im-pos-si-bi-le l'a-na-
li-si (il
 []

[15] (/usr/share/texlive/texmf-dist/tex/latex/ucs/data/uni-32.def
File: uni-32.def 2013/05/13 UCS: Unicode data U+2000..U+20FF
) [16]
Capitolo 3.
[17

] [18] [19]
Underfull \hbox (badness 1997) in paragraph at lines 1641--1643
[]\T1/ppl/m/n/10 Se scri-ve-te una fun-zio-ne in mo-da-li-tà in-te-rat-ti-va, l
'in-ter-pre-te met-te tre pun-ti-ni di
 []

[20] [21] [22] <figs/stack.pdf, id=1450, 290.08376pt x 141.52875pt>
File: figs/stack.pdf Graphic file (type pdf)

<use figs/stack.pdf>
Package pdftex.def Info: figs/stack.pdf used on input line 1853.
(pdftex.def)             Requested size: 232.0673pt x 113.22314pt.
 [23] [24 <./figs/stack.pdf>] [25] [26]
Underfull \hbox (badness 1708) in paragraph at lines 2028--2031
[]\T1/ppl/m/n/10 Istruzione che leg-ge un fi-le mo-du-lo e crea un og-get-to mo
-du-lo
 []

[27] [28]
Capitolo 4.
[29

] [30] [31] [32] [33] [34] [35] [36]
Underfull \hbox (badness 4846) in paragraph at lines 2604--2607
[]\T1/ppl/m/n/10 Una strin-ga che com-pa-re al-l'i-ni-zio di una
 []


Underfull \hbox (badness 1852) in paragraph at lines 2611--2613
[]\T1/ppl/m/n/10 Un re-qui-si-to che de-ve es-se-re sod-di-sfat-to dal-la fun-z
io-ne pri-ma di
 []

<figs/flowers.pdf, id=1545, 264.99pt x 103.38625pt>
File: figs/flowers.pdf Graphic file (type pdf)
 <use figs/flowers.pdf>
Package pdftex.def Info: figs/flowers.pdf used on input line 2637.
(pdftex.def)             Requested size: 211.99228pt x 82.70909pt.

Underfull \hbox (badness 10000) in paragraph at lines 2648--2650
[]\T1/ppl/m/it/10 Soluzione: []$\T1/cmtt/m/it/10 http : / / thinkpython2 . com 
/ code / flower . py$[]\T1/ppl/m/it/10 , ri-chie-de an-che []$\T1/cmtt/m/it/10 
http :
 []

<figs/pies.pdf, id=1549, 220.825pt x 72.27pt>
File: figs/pies.pdf Graphic file (type pdf)
 <use figs/pies.pdf>
Package pdftex.def Info: figs/pies.pdf used on input line 2655.
(pdftex.def)             Requested size: 176.66022pt x 57.81606pt.
 [37]
Underfull \hbox (badness 6157) in paragraph at lines 2681--2683
[]\T1/ppl/m/it/10 Soluzione: []$\T1/cmtt/m/it/10 http : / / thinkpython2 . com 
/ code / letters . py$[]\T1/ppl/m/it/10 , ri-chie-de an-che []$\T1/cmtt/m/it/10
 http : / /
 []


Underfull \hbox (badness 1708) in paragraph at lines 2689--2692
[]\T1/ppl/b/n/10 Esercizio 4.5. \T1/ppl/m/it/10 Do-cu-men-ta-te-vi sul-le spi-r
a-li sul si-to []$\T1/cmtt/m/it/10 http : / / it . wikipedia . org / wiki /
 []

[38 <./figs/flowers.pdf> <./figs/pies.pdf>]
Capitolo 5.

Underfull \hbox (badness 2173) in paragraph at lines 2732--2734
[]\T1/ppl/m/n/10 Come al-ter-na-ti-va si può uti-liz-za-re l'\T1/ppl/b/n/10 ope
ratore mo-du-lo\T1/ppl/m/n/10 , []\T1/cmtt/m/n/10 %\T1/ppl/m/n/10 , che re-sti-
tui-sce il re-sto
 []

[39

] [40] [41] [42] [43] <figs/stack2.pdf, id=1605, 177.66376pt x 150.5625pt>
File: figs/stack2.pdf Graphic file (type pdf)

<use figs/stack2.pdf>
Package pdftex.def Info: figs/stack2.pdf used on input line 3046.
(pdftex.def)             Requested size: 142.13118pt x 120.45015pt.
 [44]
LaTeX Font Info:    Try loading font information for T1+cmss on input line 3099
.

(/usr/share/texlive/texmf-dist/tex/latex/base/t1cmss.fd
File: t1cmss.fd 2014/09/29 v2.5h Standard LaTeX font definitions
) [45 <./figs/stack2.pdf>] [46] [47]
Underfull \hbox (badness 4266) in paragraph at lines 3242--3244
[]\T1/ppl/m/n/10 Uno dei bloc-chi di istru-zio-ni al-ter-na-ti-ve pre-sen-ti in
 un'i-stru-zio-ne
 []

[48] <figs/koch.pdf, id=1641, 258.9675pt x 78.2925pt>
File: figs/koch.pdf Graphic file (type pdf)
 <use figs/koch.pdf>
Package pdftex.def Info: figs/koch.pdf used on input line 3377.
(pdftex.def)             Requested size: 207.17426pt x 62.63406pt.

[49] [50 <./figs/koch.pdf>]
Capitolo 6.
[51

] [52] [53] [54]
Underfull \hbox (badness 1616) in paragraph at lines 3673--3674
\T1/ppl/m/n/10 Possiamo scri-ve-re la fun-zio-ne in mo-do an-co-ra più con-ci-s
o, in quan-to il ri-sul-ta-to
 []

[55] [56] <figs/stack3.pdf, id=1707, 325.215pt x 150.5625pt>
File: figs/stack3.pdf Graphic file (type pdf)

<use figs/stack3.pdf>
Package pdftex.def Info: figs/stack3.pdf used on input line 3802.
(pdftex.def)             Requested size: 260.17235pt x 120.45015pt.
 [57 <./figs/stack3.pdf>] [58] [59] [60]
Underfull \hbox (badness 1436) in paragraph at lines 4070--4071
[]\T1/ppl/m/it/10 Quelle che se-guo-no so-no fun-zio-ni che han-no una strin-ga
 co-me pa-ra-me-tro e re-sti-tui-sco-no
 []

[61] [62]
Capitolo 7.
[63

] <figs/assign2.pdf, id=1766, 78.2925pt x 42.1575pt>
File: figs/assign2.pdf Graphic file (type pdf)
 <use figs/assign2.pdf>
Package pdftex.def Info: figs/assign2.pdf used on input line 4177.
(pdftex.def)             Requested size: 62.63406pt x 33.72603pt.

[64 <./figs/assign2.pdf>] [65]
Underfull \hbox (badness 1231) in paragraph at lines 4332--4334
\T1/ppl/m/n/10 I ci-cli si usa-no spes-so per cal-co-la-re ri-sul-ta-ti nu-me-r
i-ci, par-ten-do da un va-lo-re ap-
 []


Underfull \hbox (badness 3758) in paragraph at lines 4332--4334
\T1/ppl/m/n/10 pros-si-ma-ti-vo che vie-ne mi-glio-ra-to ite-ra-ti-va-men-te co
n ap-pros-si-ma-zio-ni suc-ces-si-ve.
 []

[66] [67] [68]
Underfull \hbox (badness 1584) in paragraph at lines 4457--4459
[]\T1/ppl/m/n/10 Assegnazione che for-ni-sce un va-lo-re ini-zia-le ad una va-r
ia-bi-le da
 []

[69] [70]
Capitolo 8.
[71

] [72] [73] <figs/banana.pdf, id=1828, 203.76125pt x 52.195pt>
File: figs/banana.pdf Graphic file (type pdf)

<use figs/banana.pdf>
Package pdftex.def Info: figs/banana.pdf used on input line 4736.
(pdftex.def)             Requested size: 163.0092pt x 41.75604pt.

Underfull \hbox (badness 1221) in paragraph at lines 4773--4776
\T1/ppl/m/n/10 Per so-sti-tui-re un ca-rat-te-re al-l'in-ter-no di una strin-ga
, po-tre-ste pen-sa-re di uti-liz-za-re
 []

[74 <./figs/banana.pdf>]
Underfull \hbox (badness 3396) in paragraph at lines 4823--4824
[]\T1/ppl/m/n/10 Per la pri-ma vol-ta in-con-tria-mo l'i-stru-zio-ne \T1/cmtt/m
/n/10 return \T1/ppl/m/n/10 al-l'in-ter-no di un ci-clo. Se
 []

[75] [76] [77] [78] <figs/state4.pdf, id=1861, 245.91875pt x 56.21pt>
File: figs/state4.pdf Graphic file (type pdf)

<use figs/state4.pdf>
Package pdftex.def Info: figs/state4.pdf used on input line 5073.
(pdftex.def)             Requested size: 196.73524pt x 44.96805pt.
 [79 <./figs/state4.pdf>]
Underfull \hbox (badness 1681) in paragraph at lines 5123--5126
[]\T1/ppl/m/n/10 Un ar-go-men-to di una fun-zio-ne o di un me-to-do che non è
 []


Underfull \hbox (badness 1418) in paragraph at lines 5136--5139
\T1/ppl/m/it/10 al-cu-ni me-to-di per as-si-cu-rar-vi di ave-re ca-pi-to co-me 
fun-zio-na-no. \T1/cmtt/m/n/10 strip \T1/ppl/m/it/10 e \T1/cmtt/m/n/10 replace 
\T1/ppl/m/it/10 so-no
 []


Underfull \hbox (badness 1383) in paragraph at lines 5140--5144
[]\T1/ppl/m/it/10 La do-cu-men-ta-zio-ne uti-liz-za una sin-tas-si che può ri-s
ul-ta-re po-co chia-ra. Per esem-pio, in
 []

[80] [81] [82

]
Capitolo 9.
[83] [84] [85] [86] [87]
Underfull \hbox (badness 2065) in paragraph at lines 5561--5564
[]\T1/ppl/m/n/10 Modo di ri-sol-ve-re un pro-ble-ma espri-men-do-lo
 []

[88] [89] [90

]
Capitolo 10.
[91] <figs/liststate.pdf, id=1960, 218.8175pt x 204.765pt>
File: figs/liststate.pdf Graphic file (type pdf)

<use figs/liststate.pdf>
Package pdftex.def Info: figs/liststate.pdf used on input line 5717.
(pdftex.def)             Requested size: 175.05423pt x 163.8122pt.
 [92 <./figs/liststate.pdf>] [93] [94] [95] [96]
<figs/list1.pdf, id=1990, 218.8175pt x 42.1575pt>
File: figs/list1.pdf Graphic file (type pdf)
 <use figs/list1.pdf>
Package pdftex.def Info: figs/list1.pdf used on input line 6147.
(pdftex.def)             Requested size: 175.05423pt x 33.72603pt.
 [97]
<figs/list2.pdf, id=1997, 96.36pt x 42.1575pt>
File: figs/list2.pdf Graphic file (type pdf)
 <use figs/list2.pdf>
Package pdftex.def Info: figs/list2.pdf used on input line 6182.
(pdftex.def)             Requested size: 77.08807pt x 33.72603pt.

<figs/list3.pdf, id=1999, 96.36pt x 42.1575pt>
File: figs/list3.pdf Graphic file (type pdf)
 <use figs/list3.pdf>
Package pdftex.def Info: figs/list3.pdf used on input line 6217.
(pdftex.def)             Requested size: 77.08807pt x 33.72603pt.
 [98 <./figs/list1.pdf> <./figs/list2.pdf>]
<figs/stack5.pdf, id=2018, 225.84375pt x 74.2775pt>
File: figs/stack5.pdf Graphic file (type pdf)
 <use figs/stack5.pdf>
Package pdftex.def Info: figs/stack5.pdf used on input line 6279.
(pdftex.def)             Requested size: 180.67523pt x 59.42207pt.

[99 <./figs/list3.pdf> <./figs/stack5.pdf>] [100]
Underfull \hbox (badness 1147) in paragraph at lines 6384--6385
[]\T1/ppl/m/n/10 Prima di usa-re i me-to-di del-le li-ste e gli ope-ra-to-ri, l
eg-ge-te-ne at-ten-ta-men-te la
 []

[101]
Underfull \hbox (badness 1210) in paragraph at lines 6470--6473
[]\T1/ppl/m/n/10 Schema di cal-co-lo che at-tra-ver-sa una li-sta e se-le-zio-n
a so-lo gli ele-men-ti che
 []

[102]
Underfull \hbox (badness 1325) in paragraph at lines 6592--6594
[]\T1/ppl/b/n/10 Esercizio 10.8. \T1/ppl/m/it/10 Que-sto è un eser-ci-zio sul c
o-sid-det-to ``Pa-ra-dos-so del com-plean-no''; po-te-te
 []

[103]
Underfull \hbox (badness 1762) in paragraph at lines 6659--6660
[]\T1/ppl/m/it/10 Scrivete un pro-gram-ma che tro-vi tut-te le cop-pie di pa-ro
-le che pos-so-no in-ca-strar-si.
 []

[104]
Capitolo 11.
[105

] [106] [107] [108]
Underfull \hbox (badness 1189) in paragraph at lines 6952--6953
[]\T1/ppl/m/n/10 L'istruzione \T1/cmtt/m/n/10 raise \T1/ppl/m/n/10 può ri-ce-ve
-re co-me pa-ra-me-tro op-zio-na-le un mes-sag-gio di er-ro-re
 []

[109] <figs/dict1.pdf, id=2111, 346.29375pt x 141.52875pt>
File: figs/dict1.pdf Graphic file (type pdf)

<use figs/dict1.pdf>
Package pdftex.def Info: figs/dict1.pdf used on input line 7002.
(pdftex.def)             Requested size: 277.03537pt x 113.22314pt.
 [110 <./figs/dict1.pdf>]
<figs/fibonacci.pdf, id=2126, 309.155pt x 218.8175pt>
File: figs/fibonacci.pdf Graphic file (type pdf)
 <use figs/fibonacci.pdf>
Package pdftex.def Info: figs/fibonacci.pdf used on input line 7050.
(pdftex.def)             Requested size: 216.40701pt x 153.17119pt.

[111 <./figs/fibonacci.pdf>] [112] [113] [114]
Underfull \hbox (badness 1092) in paragraph at lines 7346--7347
[]\T1/ppl/b/n/10 Esercizio 11.6. \T1/ppl/m/it/10 Ec-co un al-tro que-si-to trat
-to da \T1/ppl/m/n/10 Car Talk \T1/ppl/m/it/10 ([]$\T1/cmtt/m/it/10 http : / / 
www . cartalk . com /
 []

[115] [116]
Capitolo 12.
[117

] [118] [119] [120] [121] <figs/tuple1.pdf, id=2206, 124.465pt x 56.21pt>
File: figs/tuple1.pdf Graphic file (type pdf)

<use figs/tuple1.pdf>
Package pdftex.def Info: figs/tuple1.pdf used on input line 7836.
(pdftex.def)             Requested size: 99.57213pt x 44.96805pt.
 <figs/dict2.pdf, id=2208, 235.88126pt x 127.47626pt>
File: figs/dict2.pdf Graphic file (type pdf)

<use figs/dict2.pdf>
Package pdftex.def Info: figs/dict2.pdf used on input line 7845.
(pdftex.def)             Requested size: 188.70525pt x 101.98112pt.
 [122] [123 <./figs/tuple1.pdf> <./figs/dict2.pdf>]
[124] [125] [126]
Capitolo 13.
[127

] [128]
Underfull \hbox (badness 4403) in paragraph at lines 8249--8252
[][]\T1/cmtt/m/n/10 elabora_file \T1/ppl/m/n/10 leg-ge ci-cli-ca-men-te le ri-g
he del fi-le, pas-san-do-le una per vol-ta a
 []

[129]
Underfull \hbox (badness 6876) in paragraph at lines 8292--8293
[]\T1/ppl/m/n/10 La fun-zio-ne se-guen-te pren-de un isto-gram-ma e re-sti-tui-
sce una li-sta di tu-ple
 []

[130]
Underfull \hbox (badness 1019) in paragraph at lines 8362--8364
[]\T1/cmtt/m/n/10 num \T1/ppl/m/n/10 as-su-me il va-lo-re che ave-te spe-ci-fi-
ca-to. In al-tre pa-ro-le, l'ar-go-men-to op-zio-na-le
 []

[131] [132]
Underfull \hbox (badness 10000) in paragraph at lines 8484--8493

 []


Underfull \hbox (badness 10000) in paragraph at lines 8484--8493

 []

[133] [134] [135] [136] [137] [138

]
Capitolo 14.
[139]
Underfull \hbox (badness 2600) in paragraph at lines 8753--8754
[]\T1/ppl/m/n/10 Se non chiu-de-te il fi-le, vie-ne co-mun-que chiu-so au-to-ma
-ti-ca-men-te al ter-mi-ne del
 []

[140] [141] [142] [143] [144]
LaTeX Font Info:    Font shape `U/msa/m/n' will be
(Font)              scaled to size 8.33606pt on input line 9090.
LaTeX Font Info:    Font shape `U/msb/m/n' will be
(Font)              scaled to size 8.33606pt on input line 9090.
 [145] [146] [147]
Underfull \hbox (badness 10000) in paragraph at lines 9309--9311
[]\T1/ppl/b/n/10 Esercizio 14.2. \T1/ppl/m/it/10 Se ave-te sca-ri-ca-to la mia 
so-lu-zio-ne del-l'E-ser-ci-zio []12.2[] dal si-to
 []


Underfull \hbox (badness 7851) in paragraph at lines 9309--9311
[]$\T1/cmtt/m/it/10 http : / / thinkpython2 . com / code / anagram _ sets . py$
[]\T1/ppl/m/it/10 , avre-te vi-sto che crea un di-
 []


Underfull \hbox (badness 4621) in paragraph at lines 9309--9311
\T1/ppl/m/it/10 zio-na-rio che fa cor-ri-spon-de-re una strin-ga or-di-na-ta di
 let-te-re al-la li-sta di pa-ro-le che
 []


Underfull \hbox (badness 3724) in paragraph at lines 9309--9311
\T1/ppl/m/it/10 pos-so-no es-se-re scrit-te con quel-le let-te-re. Per esem-pio
, []\TS1/cmtt/m/n/10 '\T1/cmtt/m/n/10 opst\TS1/cmtt/m/n/10 ' \T1/ppl/m/it/10 co
r-ri-spon-de al-la li-sta
 []

[148]
Capitolo 15.
[149

] <figs/point.pdf, id=2436, 124.465pt x 55.20625pt>
File: figs/point.pdf Graphic file (type pdf)
 <use figs/point.pdf>
Package pdftex.def Info: figs/point.pdf used on input line 9452.
(pdftex.def)             Requested size: 99.57213pt x 44.16504pt.

[150 <./figs/point.pdf>] [151]
Underfull \hbox (badness 1990) in paragraph at lines 9538--9539
[]\T1/ppl/m/n/10 Per ot-te-ne-re una rap-pre-sen-ta-zio-ne di un ret-tan-go-lo,
 do-ve-te istan-zia-re un og-get-to
 []

<figs/rectangle.pdf, id=2451, 244.915pt x 73.27374pt>
File: figs/rectangle.pdf Graphic file (type pdf)
 <use figs/rectangle.pdf>
Package pdftex.def Info: figs/rectangle.pdf used on input line 9555.
(pdftex.def)             Requested size: 195.93225pt x 58.61905pt.

[152 <./figs/rectangle.pdf>]
Underfull \hbox (badness 10000) in paragraph at lines 9603--9606
\T1/ppl/m/n/10 Potete an-che scri-ve-re del-le fun-zio-ni che mo-di-fi-ca-no og
-get-ti. Per esem-pio,
 []

[153] <figs/rectangle2.pdf, id=2468, 411.5375pt x 60.225pt>
File: figs/rectangle2.pdf Graphic file (type pdf)

<use figs/rectangle2.pdf>
Package pdftex.def Info: figs/rectangle2.pdf used on input line 9684.
(pdftex.def)             Requested size: 329.23045pt x 48.18005pt.
 [154 <./figs/rectangle2.pdf>]
Underfull \hbox (badness 1158) in paragraph at lines 9802--9804
[]\T1/ppl/m/n/10 Oggetto che è con-te-nu-to co-me at-tri-bu-to di un al-tro
 []

[155] [156]
Capitolo 16.
<figs/time.pdf, id=2498, 146.5475pt x 73.27374pt>
File: figs/time.pdf Graphic file (type pdf)
 <use figs/time.pdf>
Package pdftex.def Info: figs/time.pdf used on input line 9900.
(pdftex.def)             Requested size: 117.23813pt x 58.61905pt.
 [157

]
[158 <./figs/time.pdf>] [159] [160] [161]
Underfull \hbox (badness 1412) in paragraph at lines 10154--10157
[]\T1/ppl/m/n/10 Istruzione che con-trol-la una con-di-zio-ne e sol-le-va un'ec
-ce-zio-ne se
 []

[162] [163] [164

]
Capitolo 17.
[165] [166] [167] [168] [169] [170] [171] [172] [173]
Underfull \hbox (badness 1142) in paragraph at lines 10766--10768
[]\T1/ppl/m/n/10 Schema di pro-gram-ma-zio-ne che con-trol-la il ti-po di un
 []

[174]
Capitolo 18.

Underfull \hbox (badness 1478) in paragraph at lines 10828--10832
[]\T1/ppl/m/n/10 Se non gio-ca-te a po-ker, po-te-te leg-ge-re qual-co-sa in pr
o-po-si-to sul si-to []$\T1/cmtt/m/n/10 http : / / it .
 []

[175

] [176] <figs/card1.pdf, id=2635, 197.73875pt x 154.5775pt>
File: figs/card1.pdf Graphic file (type pdf)

<use figs/card1.pdf>
Package pdftex.def Info: figs/card1.pdf used on input line 10949.
(pdftex.def)             Requested size: 158.19121pt x 123.66214pt.
 [177 <./figs/card1.pdf>] [178] [179] [180] [181]
<figs/class1.pdf, id=2665, 150.5625pt x 87.32625pt>
File: figs/class1.pdf Graphic file (type pdf)
 <use figs/class1.pdf>
Package pdftex.def Info: figs/class1.pdf used on input line 11250.
(pdftex.def)             Requested size: 120.45015pt x 69.86108pt.

[182 <./figs/class1.pdf>] [183]
Underfull \hbox (badness 1867) in paragraph at lines 11360--11362
[]\T1/ppl/m/n/10 Questa tra-sfor-ma-zio-ne di un programma---cambiarne la for-m
a sen-za cam-biar-ne il
 []


Underfull \hbox (badness 1406) in paragraph at lines 11367--11368
[]\T1/ppl/m/n/10 Cominciare scri-ven-do fun-zio-ni che leg-go-no e scri-vo-no v
a-ria-bi-li glo-ba-li (do-ve
 []


Underfull \hbox (badness 2285) in paragraph at lines 11396--11398
[]\T1/ppl/m/n/10 Metodo o fun-zio-ne che for-ni-sce un'in-ter-fac-cia di-ver-sa
 a un'al-tra
 []

[184]
Underfull \hbox (badness 1270) in paragraph at lines 11414--11416
[]\T1/ppl/m/n/10 Relazione tra due clas-si do-ve istan-ze di una clas-se uti-li
z-za-no istan-ze
 []

[185]
Underfull \hbox (badness 1448) in paragraph at lines 11487--11489
\T1/ppl/m/it/10 fe-rio-re che quel-la di va-lo-re su-pe-rio-re, per cui \T1/cmt
t/m/n/10 Asso-2-3-4-5 \T1/ppl/m/it/10 è una sca-la, e an-che
 []

[186] [187] [188

]
Capitolo 19.

Underfull \hbox (badness 3989) in paragraph at lines 11573--11576
[]\T1/ppl/m/n/10 A vol-te, le fun-zio-ni ri-cor-si-ve pos-so-no es-se-re ri-scr
it-te uti-liz-zan-do le espres-sio-ni
 []

[189] [190] [191] [192] [193] [194] [195] [196] [197] [198]
Appendice A.
[199

] [200] [201] [202] [203]
Underfull \hbox (badness 1152) in paragraph at lines 12413--12416
\T1/ppl/m/n/10 mi-na-re lo sta-to del pro-gram-ma im-me-dia-ta-men-te pri-ma de
l-l'er-ro-re. Po-te-te leg-ge-re
 []


Underfull \hbox (badness 3019) in paragraph at lines 12417--12417
[]\T1/ppl/b/n/12 Ho ag-giun-to tal-men-te tan-te istru-zio-ni di stam-pa che so
-no
 []


Underfull \hbox (badness 1762) in paragraph at lines 12423--12424
[]\T1/ppl/m/n/10 Per sem-pli-fi-ca-re l'out-put, po-te-te ri-muo-ve-re o com-me
n-ta-re le istru-zio-ni di stam-pa
 []

[204] [205] [206] [207] [208

]
Appendice B.
[209]
Underfull \hbox (badness 1237) in paragraph at lines 12635--12636
[]\T1/ppl/m/n/10 La ta-bel-la se-guen-te mo-stra il tem-po di ese-cu-zio-ne di 
que-sti al-go-rit-mi per di-ver-se
 []

[210]
Underfull \hbox (badness 1688) in paragraph at lines 12698--12700
[]\T1/ppl/b/n/10 Esercizio B.1. \T1/ppl/m/it/10 Leg-ge-te la pa-gi-na di Wi-ki-
pe-dia sul-la no-ta-zio-ne O-grande: []$\T1/cmtt/m/it/10 http : / / it .
 []

[211]
Underfull \hbox (badness 1210) in paragraph at lines 12733--12735
[]\T1/ppl/m/n/10 Le ope-ra-zio-ni di indicizzazione---lettura e scrit-tu-ra di 
ele-men-ti di una se-quen-za o
 []

[212] [213] [214] [215] [216]
<figs/towers.pdf, id=2908, 659.46375pt x 158.5925pt>
File: figs/towers.pdf Graphic file (type pdf)
 <use figs/towers.pdf>
Package pdftex.def Info: figs/towers.pdf used on input line 12984.
(pdftex.def)             Requested size: 395.68129pt x 95.15622pt.

[217 <./figs/towers.pdf>]
Underfull \hbox (badness 2818) in paragraph at lines 13006--13008
[]\T1/ppl/m/n/10 L'input che, con ri-fe-ri-men-to ad un al-go-rit-mo, lo ren-de
 più len-to
 []


Underfull \hbox (badness 2903) in paragraph at lines 13012--13014
[]\T1/ppl/m/n/10 La di-men-sio-ne del pro-ble-ma per cui due di-ver-si al-go-ri
t-mi
 []

(./book.ind [218] [219

] [220] [221] [222] [223] [224] [225] [226] [227]
[228] [229]) [230


]
Package atveryend Info: Empty hook `BeforeClearDocument' on input line 13045.
Package atveryend Info: Empty hook `AfterLastShipout' on input line 13045.
 (./book.aux)
Package atveryend Info: Executing hook `AtVeryEndDocument' on input line 13045.

Package atveryend Info: Executing hook `AtEndAfterFileList' on input line 13045
.
Package rerunfilecheck Info: File `book.out' has not changed.
(rerunfilecheck)             Checksum: C27D0879DEDD4C18EA6E6BEAD1EBB216;15551.
 ) 
Here is how much of TeX's memory you used:
 11260 strings out of 493069
 155337 string characters out of 6138222
 253797 words of memory out of 5000000
 13788 multiletter control sequences out of 15000+600000
 55796 words of font info for 129 fonts, out of 8000000 for 9000
 1137 hyphenation exceptions out of 8191
 29i,12n,43p,903b,566s stack positions out of 5000i,500n,10000p,200000b,80000s
{/usr/share/texlive/texmf-dist/fonts/enc/dvips/cm-super/cm-super-t1.enc}{/usr
/share/texlive/texmf-dist/fonts/enc/dvips/base/8r.enc}{/usr/share/texlive/texmf
-dist/fonts/enc/dvips/cm-super/cm-super-ts1.enc}</usr/share/texlive/texmf-dist/
fonts/type1/public/amsfonts/cm/cmex10.pfb></usr/share/texlive/texmf-dist/fonts/
type1/public/amsfonts/cm/cmmi10.pfb></usr/share/texlive/texmf-dist/fonts/type1/
public/amsfonts/cm/cmr10.pfb></usr/share/texlive/texmf-dist/fonts/type1/public/
amsfonts/cm/cmsy10.pfb></usr/share/texlive/texmf-dist/fonts/type1/public/mathpa
zo/fplmr.pfb></usr/share/texlive/texmf-dist/fonts/type1/public/mathpazo/fplmri.
pfb></usr/share/texlive/texmf-dist/fonts/type1/public/cm-super/sfit1000.pfb></u
sr/share/texlive/texmf-dist/fonts/type1/public/cm-super/sfss1000.pfb></usr/shar
e/texlive/texmf-dist/fonts/type1/public/cm-super/sftt0800.pfb></usr/share/texli
ve/texmf-dist/fonts/type1/public/cm-super/sftt0900.pfb></usr/share/texlive/texm
f-dist/fonts/type1/public/cm-super/sftt1000.pfb></usr/share/texlive/texmf-dist/
fonts/type1/public/cm-super/sftt1440.pfb></usr/share/texlive/texmf-dist/fonts/t
ype1/urw/palatino/uplb8a.pfb></usr/share/texlive/texmf-dist/fonts/type1/urw/pal
atino/uplbi8a.pfb></usr/share/texlive/texmf-dist/fonts/type1/urw/palatino/uplr8
a.pfb></usr/share/texlive/texmf-dist/fonts/type1/urw/palatino/uplri8a.pfb>
Output written on book.pdf (252 pages, 944814 bytes).
PDF statistics:
 4925 PDF objects out of 5155 (max. 8388607)
 4561 compressed objects within 46 object streams
 747 named destinations out of 1000 (max. 500000)
 2051 words of extra memory for PDF output out of 10000 (max. 10000000)

