This is pdfTeX, Version 3.14159265-2.6-1.40.17 (TeX Live 2016) (preloaded format=latex 2018.4.26)  30 APR 2018 17:43
entering extended mode
 restricted \write18 enabled.
 %&-line parsing enabled.
**thinkpython_italian
(./thinkpython_italian.tex
LaTeX2e <2016/03/31>
Babel <3.9r> and hyphenation patterns for 77 language(s) loaded.
(/usr/share/texlive/texmf-dist/tex/latex/base/book.cls
Document Class: book 2014/09/29 v1.4h Standard LaTeX document class
(/usr/share/texlive/texmf-dist/tex/latex/base/bk10.clo
File: bk10.clo 2014/09/29 v1.4h Standard LaTeX file (size option)
)
\c@part=\count79
\c@chapter=\count80
\c@section=\count81
\c@subsection=\count82
\c@subsubsection=\count83
\c@paragraph=\count84
\c@subparagraph=\count85
\c@figure=\count86
\c@table=\count87
\abovecaptionskip=\skip41
\belowcaptionskip=\skip42
\bibindent=\dimen102
)
(/usr/share/texlive/texmf-dist/tex/latex/geometry/geometry.sty
Package: geometry 2010/09/12 v5.6 Page Geometry

(/usr/share/texlive/texmf-dist/tex/latex/graphics/keyval.sty
Package: keyval 2014/10/28 v1.15 key=value parser (DPC)
\KV@toks@=\toks14
)
(/usr/share/texlive/texmf-dist/tex/generic/oberdiek/ifpdf.sty
Package: ifpdf 2016/05/14 v3.1 Provides the ifpdf switch
)
(/usr/share/texlive/texmf-dist/tex/generic/oberdiek/ifvtex.sty
Package: ifvtex 2016/05/16 v1.6 Detect VTeX and its facilities (HO)
Package ifvtex Info: VTeX not detected.
)
(/usr/share/texlive/texmf-dist/tex/generic/ifxetex/ifxetex.sty
Package: ifxetex 2010/09/12 v0.6 Provides ifxetex conditional
)
\Gm@cnth=\count88
\Gm@cntv=\count89
\c@Gm@tempcnt=\count90
\Gm@bindingoffset=\dimen103
\Gm@wd@mp=\dimen104
\Gm@odd@mp=\dimen105
\Gm@even@mp=\dimen106
\Gm@layoutwidth=\dimen107
\Gm@layoutheight=\dimen108
\Gm@layouthoffset=\dimen109
\Gm@layoutvoffset=\dimen110
\Gm@dimlist=\toks15
)
(/usr/share/texlive/texmf-dist/tex/latex/base/fontenc.sty
Package: fontenc 2005/09/27 v1.99g Standard LaTeX package

(/usr/share/texlive/texmf-dist/tex/latex/base/t1enc.def
File: t1enc.def 2005/09/27 v1.99g Standard LaTeX file
LaTeX Font Info:    Redeclaring font encoding T1 on input line 48.
))
(/usr/share/texlive/texmf-dist/tex/latex/base/textcomp.sty
Package: textcomp 2005/09/27 v1.99g Standard LaTeX package
Package textcomp Info: Sub-encoding information:
(textcomp)               5 = only ISO-Adobe without \textcurrency
(textcomp)               4 = 5 + \texteuro
(textcomp)               3 = 4 + \textohm
(textcomp)               2 = 3 + \textestimated + \textcurrency
(textcomp)               1 = TS1 - \textcircled - \t
(textcomp)               0 = TS1 (full)
(textcomp)             Font families with sub-encoding setting implement
(textcomp)             only a restricted character set as indicated.
(textcomp)             Family '?' is the default used for unknown fonts.
(textcomp)             See the documentation for details.
Package textcomp Info: Setting ? sub-encoding to TS1/1 on input line 79.

(/usr/share/texlive/texmf-dist/tex/latex/base/ts1enc.def
File: ts1enc.def 2001/06/05 v3.0e (jk/car/fm) Standard LaTeX file
)
LaTeX Info: Redefining \oldstylenums on input line 334.
Package textcomp Info: Setting cmr sub-encoding to TS1/0 on input line 349.
Package textcomp Info: Setting cmss sub-encoding to TS1/0 on input line 350.
Package textcomp Info: Setting cmtt sub-encoding to TS1/0 on input line 351.
Package textcomp Info: Setting cmvtt sub-encoding to TS1/0 on input line 352.
Package textcomp Info: Setting cmbr sub-encoding to TS1/0 on input line 353.
Package textcomp Info: Setting cmtl sub-encoding to TS1/0 on input line 354.
Package textcomp Info: Setting ccr sub-encoding to TS1/0 on input line 355.
Package textcomp Info: Setting ptm sub-encoding to TS1/4 on input line 356.
Package textcomp Info: Setting pcr sub-encoding to TS1/4 on input line 357.
Package textcomp Info: Setting phv sub-encoding to TS1/4 on input line 358.
Package textcomp Info: Setting ppl sub-encoding to TS1/3 on input line 359.
Package textcomp Info: Setting pag sub-encoding to TS1/4 on input line 360.
Package textcomp Info: Setting pbk sub-encoding to TS1/4 on input line 361.
Package textcomp Info: Setting pnc sub-encoding to TS1/4 on input line 362.
Package textcomp Info: Setting pzc sub-encoding to TS1/4 on input line 363.
Package textcomp Info: Setting bch sub-encoding to TS1/4 on input line 364.
Package textcomp Info: Setting put sub-encoding to TS1/5 on input line 365.
Package textcomp Info: Setting uag sub-encoding to TS1/5 on input line 366.
Package textcomp Info: Setting ugq sub-encoding to TS1/5 on input line 367.
Package textcomp Info: Setting ul8 sub-encoding to TS1/4 on input line 368.
Package textcomp Info: Setting ul9 sub-encoding to TS1/4 on input line 369.
Package textcomp Info: Setting augie sub-encoding to TS1/5 on input line 370.
Package textcomp Info: Setting dayrom sub-encoding to TS1/3 on input line 371.
Package textcomp Info: Setting dayroms sub-encoding to TS1/3 on input line 372.

Package textcomp Info: Setting pxr sub-encoding to TS1/0 on input line 373.
Package textcomp Info: Setting pxss sub-encoding to TS1/0 on input line 374.
Package textcomp Info: Setting pxtt sub-encoding to TS1/0 on input line 375.
Package textcomp Info: Setting txr sub-encoding to TS1/0 on input line 376.
Package textcomp Info: Setting txss sub-encoding to TS1/0 on input line 377.
Package textcomp Info: Setting txtt sub-encoding to TS1/0 on input line 378.
Package textcomp Info: Setting lmr sub-encoding to TS1/0 on input line 379.
Package textcomp Info: Setting lmdh sub-encoding to TS1/0 on input line 380.
Package textcomp Info: Setting lmss sub-encoding to TS1/0 on input line 381.
Package textcomp Info: Setting lmssq sub-encoding to TS1/0 on input line 382.
Package textcomp Info: Setting lmvtt sub-encoding to TS1/0 on input line 383.
Package textcomp Info: Setting lmtt sub-encoding to TS1/0 on input line 384.
Package textcomp Info: Setting qhv sub-encoding to TS1/0 on input line 385.
Package textcomp Info: Setting qag sub-encoding to TS1/0 on input line 386.
Package textcomp Info: Setting qbk sub-encoding to TS1/0 on input line 387.
Package textcomp Info: Setting qcr sub-encoding to TS1/0 on input line 388.
Package textcomp Info: Setting qcs sub-encoding to TS1/0 on input line 389.
Package textcomp Info: Setting qpl sub-encoding to TS1/0 on input line 390.
Package textcomp Info: Setting qtm sub-encoding to TS1/0 on input line 391.
Package textcomp Info: Setting qzc sub-encoding to TS1/0 on input line 392.
Package textcomp Info: Setting qhvc sub-encoding to TS1/0 on input line 393.
Package textcomp Info: Setting futs sub-encoding to TS1/4 on input line 394.
Package textcomp Info: Setting futx sub-encoding to TS1/4 on input line 395.
Package textcomp Info: Setting futj sub-encoding to TS1/4 on input line 396.
Package textcomp Info: Setting hlh sub-encoding to TS1/3 on input line 397.
Package textcomp Info: Setting hls sub-encoding to TS1/3 on input line 398.
Package textcomp Info: Setting hlst sub-encoding to TS1/3 on input line 399.
Package textcomp Info: Setting hlct sub-encoding to TS1/5 on input line 400.
Package textcomp Info: Setting hlx sub-encoding to TS1/5 on input line 401.
Package textcomp Info: Setting hlce sub-encoding to TS1/5 on input line 402.
Package textcomp Info: Setting hlcn sub-encoding to TS1/5 on input line 403.
Package textcomp Info: Setting hlcw sub-encoding to TS1/5 on input line 404.
Package textcomp Info: Setting hlcf sub-encoding to TS1/5 on input line 405.
Package textcomp Info: Setting pplx sub-encoding to TS1/3 on input line 406.
Package textcomp Info: Setting pplj sub-encoding to TS1/3 on input line 407.
Package textcomp Info: Setting ptmx sub-encoding to TS1/4 on input line 408.
Package textcomp Info: Setting ptmj sub-encoding to TS1/4 on input line 409.
)
(/usr/share/texlive/texmf-dist/tex/latex/psnfss/mathpazo.sty
Package: mathpazo 2005/04/12 PSNFSS-v9.2a Palatino w/ Pazo Math (D.Puga, WaS) 
\symupright=\mathgroup4
)
(/usr/share/texlive/texmf-dist/tex/latex/url/url.sty
\Urlmuskip=\muskip10
Package: url 2013/09/16  ver 3.4  Verb mode for urls, etc.
)
(/usr/share/texlive/texmf-dist/tex/latex/fancyhdr/fancyhdr.sty
\fancy@headwidth=\skip43
\f@ncyO@elh=\skip44
\f@ncyO@erh=\skip45
\f@ncyO@olh=\skip46
\f@ncyO@orh=\skip47
\f@ncyO@elf=\skip48
\f@ncyO@erf=\skip49
\f@ncyO@olf=\skip50
\f@ncyO@orf=\skip51
)
(/usr/share/texlive/texmf-dist/tex/latex/graphics/graphicx.sty
Package: graphicx 2014/10/28 v1.0g Enhanced LaTeX Graphics (DPC,SPQR)

(/usr/share/texlive/texmf-dist/tex/latex/graphics/graphics.sty
Package: graphics 2016/05/09 v1.0r Standard LaTeX Graphics (DPC,SPQR)

(/usr/share/texlive/texmf-dist/tex/latex/graphics/trig.sty
Package: trig 2016/01/03 v1.10 sin cos tan (DPC)
)
(/usr/share/texlive/texmf-dist/tex/latex/graphics-cfg/graphics.cfg
File: graphics.cfg 2016/01/02 v1.10 sample graphics configuration
)
Package graphics Info: Driver file: dvips.def on input line 96.

(/usr/share/texlive/texmf-dist/tex/latex/graphics/dvips.def
File: dvips.def 2015/12/30 v3.0k Driver-dependent file (DPC,SPQR)
))
\Gin@req@height=\dimen111
\Gin@req@width=\dimen112
)
(/usr/share/texlive/texmf-dist/tex/latex/amsmath/amsmath.sty
Package: amsmath 2016/06/28 v2.15d AMS math features
\@mathmargin=\skip52

For additional information on amsmath, use the `?' option.
(/usr/share/texlive/texmf-dist/tex/latex/amsmath/amstext.sty
Package: amstext 2000/06/29 v2.01 AMS text

(/usr/share/texlive/texmf-dist/tex/latex/amsmath/amsgen.sty
File: amsgen.sty 1999/11/30 v2.0 generic functions
\@emptytoks=\toks16
\ex@=\dimen113
))
(/usr/share/texlive/texmf-dist/tex/latex/amsmath/amsbsy.sty
Package: amsbsy 1999/11/29 v1.2d Bold Symbols
\pmbraise@=\dimen114
)
(/usr/share/texlive/texmf-dist/tex/latex/amsmath/amsopn.sty
Package: amsopn 2016/03/08 v2.02 operator names
)
\inf@bad=\count91
LaTeX Info: Redefining \frac on input line 199.
\uproot@=\count92
\leftroot@=\count93
LaTeX Info: Redefining \overline on input line 297.
\classnum@=\count94
\DOTSCASE@=\count95
LaTeX Info: Redefining \ldots on input line 394.
LaTeX Info: Redefining \dots on input line 397.
LaTeX Info: Redefining \cdots on input line 518.
\Mathstrutbox@=\box26
\strutbox@=\box27
\big@size=\dimen115
LaTeX Font Info:    Redeclaring font encoding OML on input line 634.
LaTeX Font Info:    Redeclaring font encoding OMS on input line 635.
\macc@depth=\count96
\c@MaxMatrixCols=\count97
\dotsspace@=\muskip11
\c@parentequation=\count98
\dspbrk@lvl=\count99
\tag@help=\toks17
\row@=\count100
\column@=\count101
\maxfields@=\count102
\andhelp@=\toks18
\eqnshift@=\dimen116
\alignsep@=\dimen117
\tagshift@=\dimen118
\tagwidth@=\dimen119
\totwidth@=\dimen120
\lineht@=\dimen121
\@envbody=\toks19
\multlinegap=\skip53
\multlinetaggap=\skip54
\mathdisplay@stack=\toks20
LaTeX Info: Redefining \[ on input line 2739.
LaTeX Info: Redefining \] on input line 2740.
)
(/usr/share/texlive/texmf-dist/tex/latex/amscls/amsthm.sty
Package: amsthm 2015/03/04 v2.20.2
\thm@style=\toks21
\thm@bodyfont=\toks22
\thm@headfont=\toks23
\thm@notefont=\toks24
\thm@headpunct=\toks25
\thm@preskip=\skip55
\thm@postskip=\skip56
\thm@headsep=\skip57
\dth@everypar=\toks26
)
(/usr/share/texlive/texmf-dist/tex/latex/amsfonts/amssymb.sty
Package: amssymb 2013/01/14 v3.01 AMS font symbols

(/usr/share/texlive/texmf-dist/tex/latex/amsfonts/amsfonts.sty
Package: amsfonts 2013/01/14 v3.01 Basic AMSFonts support
\symAMSa=\mathgroup5
\symAMSb=\mathgroup6
LaTeX Font Info:    Overwriting math alphabet `\mathfrak' in version `bold'
(Font)                  U/euf/m/n --> U/euf/b/n on input line 106.
))
(/usr/share/texlive/texmf-dist/tex/latex/exercise/exercise.sty
Package: exercise 2014/10/20 v1.6 Exercise package (P.Pichaureau)

(/usr/share/texlive/texmf-dist/tex/latex/base/ifthen.sty
Package: ifthen 2014/09/29 v1.1c Standard LaTeX ifthen package (DPC)
)
\ExerciseSkipBefore=\skip58
\ExerciseSkipAfter=\skip59
\AnswerSkipBefore=\skip60
\AnswerSkipAfter=\skip61
\Exesep=\skip62
\Exetopsep=\skip63
\Exeparsep=\skip64
\Exepartopsep=\skip65
\Exeleftmargin=\skip66
\Exerightmargin=\skip67
\Exelabelwidth=\skip68
\Exelabelsep=\skip69
\ExerciseBefore=\skip70
\QuestionBefore=\skip71
\subQuestionBefore=\skip72
\subsubQuestionBefore=\skip73
\QuestionIndent=\skip74
\subQuestionIndent=\skip75
\subsubQuestionIndent=\skip76
\c@Exercise=\count103
\c@Answer=\count104
\c@ExePart=\count105
\c@Question=\count106
\c@subQuestion=\count107
\c@subsubQuestion=\count108
\c@savedQuestion=\count109
\c@savedsubQuestion=\count110
\c@savedsubsubQuestion=\count111
\@QuestionLevel=\count112
\@Exercisebox=\box28
\all@Exercisebox=\box29
\temp@Exercisebox=\box30
\all@Answerbox=\box31
\temp@Answerbox=\box32
\ExerciseDifficulty=\count113
\QuestionDifficulty=\count114
\subQuestionDifficulty=\count115
\subsubQuestionDifficulty=\count116
\ExePartDifficulty=\count117
\@Answerbox=\box33
\colonnesLevel=\count118
\tempskipa=\skip77
\tempskipb=\skip78
\@savedmathindent=\skip79
)
(/usr/share/texlive/texmf-dist/tex/latex/base/makeidx.sty
Package: makeidx 2014/09/29 v1.0m Standard LaTeX package
)
(/usr/share/texlive/texmf-dist/tex/latex/setspace/setspace.sty
Package: setspace 2011/12/19 v6.7a set line spacing
)
(/usr/share/texlive/texmf-local/tex/latex/hevea/hevea.sty
Package: hevea 2002/01/11

(/usr/share/texlive/texmf-dist/tex/latex/comment/comment.sty
\CommentStream=\write3

Excluding comment 'comment')
\c@cuttingdepth=\count119
 Excluding comment 'rawhtml'
Excluding comment 'htmlonly'
\@bgcolorbin=\box34
)
(/usr/share/texlive/texmf-dist/tex/latex/upquote/upquote.sty
Package: upquote 2012/04/19 v1.3 upright-quote and grave-accent glyphs in verba
tim
)
(/usr/share/texlive/texmf-dist/tex/latex/appendix/appendix.sty
Package: appendix 2009/09/02 v1.2b extra appendix facilities
\c@@pps=\count120
\c@@ppsavesec=\count121
\c@@ppsaveapp=\count122
)
(/usr/share/texlive/texmf-dist/tex/generic/babel/babel.sty
Package: babel 2016/04/23 3.9r The Babel package

(/usr/share/texlive/texmf-dist/tex/generic/babel-italian/italian.ldf
Language: italian 2015/03/26 v1.3n Italian support from the babel system

(/usr/share/texlive/texmf-dist/tex/generic/babel/babel.def
File: babel.def 2016/04/23 3.9r Babel common definitions
\babel@savecnt=\count123
\U@D=\dimen122
)
\it@lettering=\count124
\it@doublequoteactive=\count125
\it@ISOcompliance=\count126
))
(/usr/share/texlive/texmf-dist/tex/latex/etoolbox/etoolbox.sty
Package: etoolbox 2015/08/02 v2.2a e-TeX tools for LaTeX (JAW)
\etb@tempcnta=\count127
)
(/usr/share/texlive/texmf-dist/tex/latex/base/inputenc.sty
Package: inputenc 2015/03/17 v1.2c Input encoding file
\inpenc@prehook=\toks27
\inpenc@posthook=\toks28

(/usr/share/texlive/texmf-dist/tex/latex/ucs/utf8x.def
File: utf8x.def 2004/10/17 UCS: Input encoding UTF-8
))
(/usr/share/texlive/texmf-dist/tex/latex/ucs/ucs.sty
Package: ucs 2013/05/11 v2.2 UCS: Unicode input support

(/usr/share/texlive/texmf-dist/tex/latex/ucs/data/uni-global.def
File: uni-global.def 2013/05/13 UCS: Unicode global data
)
\uc@secondtry=\count128
\uc@combtoks=\toks29
\uc@combtoksb=\toks30
\uc@temptokena=\toks31
)
(/usr/share/texlive/texmf-dist/tex/latex/base/latexsym.sty
Package: latexsym 1998/08/17 v2.2e Standard LaTeX package (lasy symbols)
\symlasy=\mathgroup7
LaTeX Font Info:    Overwriting symbol font `lasy' in version `bold'
(Font)                  U/lasy/m/n --> U/lasy/b/n on input line 52.
)
(/usr/share/texlive/texmf-dist/tex/latex/hyperref/hyperref.sty
Package: hyperref 2016/05/21 v6.83p Hypertext links for LaTeX

(/usr/share/texlive/texmf-dist/tex/generic/oberdiek/hobsub-hyperref.sty
Package: hobsub-hyperref 2016/05/16 v1.14 Bundle oberdiek, subset hyperref (HO)


(/usr/share/texlive/texmf-dist/tex/generic/oberdiek/hobsub-generic.sty
Package: hobsub-generic 2016/05/16 v1.14 Bundle oberdiek, subset generic (HO)
Package: hobsub 2016/05/16 v1.14 Construct package bundles (HO)
Package: infwarerr 2016/05/16 v1.4 Providing info/warning/error messages (HO)
Package: ltxcmds 2016/05/16 v1.23 LaTeX kernel commands for general use (HO)
Package: ifluatex 2016/05/16 v1.4 Provides the ifluatex switch (HO)
Package ifluatex Info: LuaTeX not detected.
Package hobsub Info: Skipping package `ifvtex' (already loaded).
Package: intcalc 2016/05/16 v1.2 Expandable calculations with integers (HO)
Package hobsub Info: Skipping package `ifpdf' (already loaded).
Package: etexcmds 2016/05/16 v1.6 Avoid name clashes with e-TeX commands (HO)
Package etexcmds Info: Could not find \expanded.
(etexcmds)             That can mean that you are not using pdfTeX 1.50 or
(etexcmds)             that some package has redefined \expanded.
(etexcmds)             In the latter case, load this package earlier.
Package: kvsetkeys 2016/05/16 v1.17 Key value parser (HO)
Package: kvdefinekeys 2016/05/16 v1.4 Define keys (HO)
Package: pdftexcmds 2016/05/21 v0.22 Utility functions of pdfTeX for LuaTeX (HO
)
Package pdftexcmds Info: LuaTeX not detected.
Package pdftexcmds Info: \pdf@primitive is available.
Package pdftexcmds Info: \pdf@ifprimitive is available.
Package pdftexcmds Info: \pdfdraftmode is ignored in DVI mode.
Package: pdfescape 2016/05/16 v1.14 Implements pdfTeX's escape features (HO)
Package: bigintcalc 2016/05/16 v1.4 Expandable calculations on big integers (HO
)
Package: bitset 2016/05/16 v1.2 Handle bit-vector datatype (HO)
Package: uniquecounter 2016/05/16 v1.3 Provide unlimited unique counter (HO)
)
Package hobsub Info: Skipping package `hobsub' (already loaded).
Package: letltxmacro 2016/05/16 v1.5 Let assignment for LaTeX macros (HO)
Package: hopatch 2016/05/16 v1.3 Wrapper for package hooks (HO)
Package: xcolor-patch 2016/05/16 xcolor patch
Package: atveryend 2016/05/16 v1.9 Hooks at the very end of document (HO)
Package: atbegshi 2016/06/09 v1.18 At begin shipout hook (HO)
Package: refcount 2016/05/16 v3.5 Data extraction from label references (HO)
Package: hycolor 2016/05/16 v1.8 Color options for hyperref/bookmark (HO)
)
(/usr/share/texlive/texmf-dist/tex/latex/oberdiek/auxhook.sty
Package: auxhook 2016/05/16 v1.4 Hooks for auxiliary files (HO)
)
(/usr/share/texlive/texmf-dist/tex/latex/oberdiek/kvoptions.sty
Package: kvoptions 2016/05/16 v3.12 Key value format for package options (HO)
)
\@linkdim=\dimen123
\Hy@linkcounter=\count129
\Hy@pagecounter=\count130

(/usr/share/texlive/texmf-dist/tex/latex/hyperref/pd1enc.def
File: pd1enc.def 2016/05/21 v6.83p Hyperref: PDFDocEncoding definition (HO)
)
\Hy@SavedSpaceFactor=\count131

(/usr/share/texlive/texmf-dist/tex/latex/latexconfig/hyperref.cfg
File: hyperref.cfg 2002/06/06 v1.2 hyperref configuration of TeXLive
)
Package hyperref Info: Option `bookmarks' set `true' on input line 4362.
Package hyperref Info: Hyper figures OFF on input line 4486.
Package hyperref Info: Link nesting OFF on input line 4491.
Package hyperref Info: Hyper index ON on input line 4494.
Package hyperref Info: Plain pages OFF on input line 4501.
Package hyperref Info: Backreferencing OFF on input line 4506.
Package hyperref Info: Implicit mode ON; LaTeX internals redefined.
Package hyperref Info: Bookmarks ON on input line 4735.
\c@Hy@tempcnt=\count132
LaTeX Info: Redefining \url on input line 5088.
\XeTeXLinkMargin=\dimen124
\Fld@menulength=\count133
\Field@Width=\dimen125
\Fld@charsize=\dimen126
Package hyperref Info: Hyper figures OFF on input line 6342.
Package hyperref Info: Link nesting OFF on input line 6347.
Package hyperref Info: Hyper index ON on input line 6350.
Package hyperref Info: backreferencing OFF on input line 6357.
Package hyperref Info: Link coloring OFF on input line 6362.
Package hyperref Info: Link coloring with OCG OFF on input line 6367.
Package hyperref Info: PDF/A mode OFF on input line 6372.
LaTeX Info: Redefining \ref on input line 6412.
LaTeX Info: Redefining \pageref on input line 6416.
\Hy@abspage=\count134
\c@Item=\count135
\c@Hfootnote=\count136
)

Package hyperref Message: Driver (default): hdvips.

(/usr/share/texlive/texmf-dist/tex/latex/hyperref/hdvips.def
File: hdvips.def 2016/05/21 v6.83p Hyperref driver for dvips

(/usr/share/texlive/texmf-dist/tex/latex/hyperref/pdfmark.def
File: pdfmark.def 2016/05/21 v6.83p Hyperref definitions for pdfmark specials
\pdf@docset=\toks32
\pdf@box=\box35
\pdf@toks=\toks33
\pdf@defaulttoks=\toks34
\HyField@AnnotCount=\count137
\Fld@listcount=\count138
\c@bookmark@seq@number=\count139

(/usr/share/texlive/texmf-dist/tex/latex/oberdiek/rerunfilecheck.sty
Package: rerunfilecheck 2016/05/16 v1.8 Rerun checks for auxiliary files (HO)
Package uniquecounter Info: New unique counter `rerunfilecheck' on input line 2
82.
)
\Hy@SectionHShift=\skip80
))
\@indexfile=\write4
\openout4 = `thinkpython_italian.idx'.


Writing index file thinkpython_italian.idx
No file thinkpython_italian.aux.
\openout1 = `thinkpython_italian.aux'.

LaTeX Font Info:    Checking defaults for OML/cmm/m/it on input line 57.
LaTeX Font Info:    ... okay on input line 57.
LaTeX Font Info:    Checking defaults for T1/cmr/m/n on input line 57.
LaTeX Font Info:    ... okay on input line 57.
LaTeX Font Info:    Checking defaults for OT1/cmr/m/n on input line 57.
LaTeX Font Info:    ... okay on input line 57.
LaTeX Font Info:    Checking defaults for OMS/cmsy/m/n on input line 57.
LaTeX Font Info:    ... okay on input line 57.
LaTeX Font Info:    Checking defaults for OMX/cmex/m/n on input line 57.
LaTeX Font Info:    ... okay on input line 57.
LaTeX Font Info:    Checking defaults for U/cmr/m/n on input line 57.
LaTeX Font Info:    ... okay on input line 57.
LaTeX Font Info:    Checking defaults for TS1/cmr/m/n on input line 57.
LaTeX Font Info:    Try loading font information for TS1+cmr on input line 57.
(/usr/share/texlive/texmf-dist/tex/latex/base/ts1cmr.fd
File: ts1cmr.fd 2014/09/29 v2.5h Standard LaTeX font definitions
)
LaTeX Font Info:    ... okay on input line 57.
LaTeX Font Info:    Checking defaults for PD1/pdf/m/n on input line 57.
LaTeX Font Info:    ... okay on input line 57.
LaTeX Font Info:    Try loading font information for T1+ppl on input line 57.

(/usr/share/texlive/texmf-dist/tex/latex/psnfss/t1ppl.fd
File: t1ppl.fd 2001/06/04 font definitions for T1/ppl.
)
*geometry* driver: auto-detecting
*geometry* detected driver: dvips
*geometry* verbose mode - [ preamble ] result:
* driver: dvips
* paper: <default>
* layout: <same size as paper>
* layoutoffset:(h,v)=(0.0pt,0.0pt)
* hratio: 3:2
* vratio: 1:1
* modes: twoside 
* h-part:(L,W,R)=(130.086pt, 397.48499pt, 86.72401pt)
* v-part:(T,H,B)=(90.3375pt, 614.295pt, 90.3375pt)
* \paperwidth=614.295pt
* \paperheight=794.96999pt
* \textwidth=397.48499pt
* \textheight=614.295pt
* \oddsidemargin=57.81601pt
* \evensidemargin=14.45403pt
* \topmargin=-11.99998pt
* \headheight=12.0pt
* \headsep=18.06749pt
* \topskip=10.0pt
* \footskip=25.29494pt
* \marginparwidth=125.0pt
* \marginparsep=7.0pt
* \columnsep=10.0pt
* \skip\footins=9.0pt plus 4.0pt minus 2.0pt
* \hoffset=0.0pt
* \voffset=0.0pt
* \mag=1000
* \@twocolumnfalse
* \@twosidetrue
* \@mparswitchtrue
* \@reversemarginfalse
* (1in=72.27pt=25.4mm, 1cm=28.453pt)

LaTeX Info: Redefining \it@ocap on input line 57.
LaTeX Info: Redefining \it@ccap on input line 57.
(/usr/share/texlive/texmf-dist/tex/latex/ucs/ucsencs.def
File: ucsencs.def 2011/01/21 Fixes to fontencodings LGR, T3
)
\AtBeginShipoutBox=\box36
Package hyperref Info: Link coloring OFF on input line 57.

(/usr/share/texlive/texmf-dist/tex/latex/hyperref/nameref.sty
Package: nameref 2016/05/21 v2.44 Cross-referencing by name of section

(/usr/share/texlive/texmf-dist/tex/generic/oberdiek/gettitlestring.sty
Package: gettitlestring 2016/05/16 v1.5 Cleanup title references (HO)
)
\c@section@level=\count140
)
LaTeX Info: Redefining \ref on input line 57.
LaTeX Info: Redefining \pageref on input line 57.
LaTeX Info: Redefining \nameref on input line 57.
\@outlinefile=\write5
\openout5 = `thinkpython_italian.out'.



Package hyperref Warning: Rerun to get /PageLabels entry.

\c@exercise=\count141
(./latexonly) [1


] [2] [3]
LaTeX Font Info:    Try loading font information for TS1+ppl on input line 168.


(/usr/share/texlive/texmf-dist/tex/latex/psnfss/ts1ppl.fd
File: ts1ppl.fd 2001/06/04 font definitions for TS1/ppl.
)
(/usr/share/texlive/texmf-dist/tex/latex/ucs/data/uni-0.def
File: uni-0.def 2013/05/13 UCS: Unicode data U+0000..U+00FF
)
LaTeX Font Info:    Try loading font information for T1+cmtt on input line 179.


(/usr/share/texlive/texmf-dist/tex/latex/base/t1cmtt.fd
File: t1cmtt.fd 2014/09/29 v2.5h Standard LaTeX font definitions
)
LaTeX Font Info:    Try loading font information for OT1+ppl on input line 179.


(/usr/share/texlive/texmf-dist/tex/latex/psnfss/ot1ppl.fd
File: ot1ppl.fd 2001/06/04 font definitions for OT1/ppl.
)
LaTeX Font Info:    Try loading font information for OML+zplm on input line 179
.

(/usr/share/texlive/texmf-dist/tex/latex/psnfss/omlzplm.fd
File: omlzplm.fd 2002/09/08 Fontinst v1.914 font definitions for OML/zplm.
)
LaTeX Font Info:    Try loading font information for OMS+zplm on input line 179
.

(/usr/share/texlive/texmf-dist/tex/latex/psnfss/omszplm.fd
File: omszplm.fd 2002/09/08 Fontinst v1.914 font definitions for OMS/zplm.
)
LaTeX Font Info:    Try loading font information for OMX+zplm on input line 179
.

(/usr/share/texlive/texmf-dist/tex/latex/psnfss/omxzplm.fd
File: omxzplm.fd 2002/09/08 Fontinst v1.914 font definitions for OMX/zplm.
)
LaTeX Font Info:    Try loading font information for OT1+zplm on input line 179
.

(/usr/share/texlive/texmf-dist/tex/latex/psnfss/ot1zplm.fd
File: ot1zplm.fd 2002/09/08 Fontinst v1.914 font definitions for OT1/zplm.
)
LaTeX Font Info:    Font shape `U/msa/m/n' will be
(Font)              scaled to size 9.37807pt on input line 179.
LaTeX Font Info:    Font shape `U/msa/m/n' will be
(Font)              scaled to size 7.29405pt on input line 179.
LaTeX Font Info:    Font shape `U/msa/m/n' will be
(Font)              scaled to size 5.21004pt on input line 179.
LaTeX Font Info:    Font shape `U/msb/m/n' will be
(Font)              scaled to size 9.37807pt on input line 179.
LaTeX Font Info:    Font shape `U/msb/m/n' will be
(Font)              scaled to size 7.29405pt on input line 179.
LaTeX Font Info:    Font shape `U/msb/m/n' will be
(Font)              scaled to size 5.21004pt on input line 179.
LaTeX Font Info:    Try loading font information for U+lasy on input line 179.

(/usr/share/texlive/texmf-dist/tex/latex/base/ulasy.fd
File: ulasy.fd 1998/08/17 v2.2e LaTeX symbol font definitions
)
Excluding 'htmlonly' comment. [4]
LaTeX Font Info:    Font shape `T1/ppl/bx/n' in size <24.88> not available
(Font)              Font shape `T1/ppl/b/n' tried instead on input line 221.
LaTeX Font Info:    Font shape `T1/ppl/bx/n' in size <14.4> not available
(Font)              Font shape `T1/ppl/b/n' tried instead on input line 223.
 [5

]
Underfull \hbox (badness 1147) in paragraph at lines 267--268
[]\T1/ppl/m/n/10 Ho ag-giun-to al-tri eser-ci-zi, da bre-vi te-st di ap-pren-di
-men-to ad al-cu-ni pro-get-ti
 []

LaTeX Font Info:    Font shape `T1/ppl/bx/n' in size <10> not available
(Font)              Font shape `T1/ppl/b/n' tried instead on input line 285.

LaTeX Warning: Reference `turtlechap' on page vi undefined on input line 285.


Underfull \hbox (badness 10000) in paragraph at lines 294--295

 []


Underfull \hbox (badness 10000) in paragraph at lines 296--297

 []

[6]
Underfull \hbox (badness 10000) in paragraph at lines 327--329
[]\T1/ppl/m/n/10 Se vo-le-te pro-por-re sug-ge-ri-men-ti o cor-re-zio-ni, in-vi
a-te una email a
 []

[7] [8] [9]
LaTeX Font Info:    Font shape `T1/ppl/bx/n' in size <9> not available
(Font)              Font shape `T1/ppl/b/n' tried instead on input line 496.


LaTeX Warning: Reference `exrotatepairs' on page x undefined on input line 496.



LaTeX Warning: Reference `checksum' on page x undefined on input line 509.

[10]
Underfull \hbox (badness 1769) in paragraph at lines 564--565
[]\T1/ppl/m/n/9 Frank Hec-ker ha os-ser-va-to un eser-ci-zio non ben spie-ga-to
 e al-cu-ni col-le-ga-men-ti non
 []

[11] [12]
\tf@toc=\write6
\openout6 = `thinkpython_italian.toc'.

 [13


] [14

]
Capitolo 1.
LaTeX Font Info:    Font shape `T1/ppl/bx/n' in size <20.74> not available
(Font)              Font shape `T1/ppl/b/n' tried instead on input line 619.
[1


]
LaTeX Font Info:    Font shape `U/msa/m/n' will be
(Font)              scaled to size 10.42007pt on input line 662.
LaTeX Font Info:    Font shape `U/msa/m/n' will be
(Font)              scaled to size 7.91925pt on input line 662.
LaTeX Font Info:    Font shape `U/msa/m/n' will be
(Font)              scaled to size 6.25204pt on input line 662.
LaTeX Font Info:    Font shape `U/msb/m/n' will be
(Font)              scaled to size 10.42007pt on input line 662.
LaTeX Font Info:    Font shape `U/msb/m/n' will be
(Font)              scaled to size 7.91925pt on input line 662.
LaTeX Font Info:    Font shape `U/msb/m/n' will be
(Font)              scaled to size 6.25204pt on input line 662.

Underfull \hbox (badness 1253) in paragraph at lines 662--664
\T1/ppl/m/n/10 ave-te già di-me-sti-chez-za con uno di que-sti si-ti, usa-te pu
-re quel-lo. Al-tri-men-ti, vi
 []

[2]
LaTeX Font Info:    Try loading font information for TS1+cmtt on input line 701
.
 (/usr/share/texlive/texmf-dist/tex/latex/base/ts1cmtt.fd
File: ts1cmtt.fd 2014/09/29 v2.5h Standard LaTeX font definitions
)

LaTeX Warning: Reference `funcchap' on page 3 undefined on input line 714.

[3] [4]
Underfull \hbox (badness 2189) in paragraph at lines 844--845
[]\T1/ppl/b/n/10 I lin-guag-gi di pro-gram-ma-zio-ne so-no lin-guag-gi for-ma-l
i pro-get-ta-ti per
 []

[5] [6]
Underfull \hbox (badness 1043) in paragraph at lines 926--928
[]\T1/ppl/m/n/10 Un lin-guag-gio di pro-gram-ma-zio-ne pro-get-ta-to per es-se-
re
 []

[7]
LaTeX Font Info:    Font shape `T1/ppl/bx/it' in size <10> not available
(Font)              Font shape `T1/ppl/b/it' tried instead on input line 970.
 [8]
Capitolo 2.

LaTeX Warning: Reference `fig.state2' on page 9 undefined on input line 1062.

File: figs/state2.eps Graphic file (type eps)
<figs/state2.eps> [9

] [10] [11] [12] [13]
LaTeX Font Info:    Font shape `T1/ppl/bx/n' in size <12> not available
(Font)              Font shape `T1/ppl/b/n' tried instead on input line 1305.
 [14]
Underfull \hbox (badness 1147) in paragraph at lines 1379--1381
[]\T1/ppl/m/n/10 Regole che sta-bi-li-sco-no l'or-di-ne in cui ven-go-no va-lu-
ta-te le
 []


Underfull \hbox (badness 3758) in paragraph at lines 1388--1390
[]\T1/ppl/m/n/10 Errore in un pro-gram-ma che ne ren-de im-pos-si-bi-le l'a-na-
li-si (il
 []

[15] (/usr/share/texlive/texmf-dist/tex/latex/ucs/data/uni-32.def
File: uni-32.def 2013/05/13 UCS: Unicode data U+2000..U+20FF
) [16]
Capitolo 3.
[17

] [18] [19]
Underfull \hbox (badness 1997) in paragraph at lines 1641--1643
[]\T1/ppl/m/n/10 Se scri-ve-te una fun-zio-ne in mo-da-li-tà in-te-rat-ti-va, l
'in-ter-pre-te met-te tre pun-ti-ni di
 []

[20] [21] [22]

LaTeX Warning: Reference `fig.stack' on page 23 undefined on input line 1849.

File: figs/stack.eps Graphic file (type eps)
<figs/stack.eps> [23] [24] [25] [26]
Underfull \hbox (badness 1708) in paragraph at lines 2028--2031
[]\T1/ppl/m/n/10 Istruzione che leg-ge un fi-le mo-du-lo e crea un og-get-to mo
-du-lo
 []

[27] [28]
Capitolo 4.

Underfull \hbox (badness 10000) in paragraph at lines 2181--2183
[]\T1/ppl/m/n/10 Il co-di-ce de-gli esem-pi di que-sto ca-pi-to-lo è sca-ri-ca-
bi-le dal si-to
 []

[29

] [30] [31] [32] [33] [34] [35] [36]
Underfull \hbox (badness 4846) in paragraph at lines 2604--2607
[]\T1/ppl/m/n/10 Una strin-ga che com-pa-re al-l'i-ni-zio di una
 []


Underfull \hbox (badness 1852) in paragraph at lines 2611--2613
[]\T1/ppl/m/n/10 Un re-qui-si-to che de-ve es-se-re sod-di-sfat-to dal-la fun-z
io-ne pri-ma di
 []


Underfull \hbox (badness 10000) in paragraph at lines 2621--2623
[][][]\T1/ppl/b/n/10 Esercizio 4.1. \T1/ppl/m/it/10 Sca-ri-ca-te il co-di-ce in
 que-sto ca-pi-to-lo dal si-to
 []


LaTeX Warning: Reference `refactoring' on page 37 undefined on input line 2629.


File: figs/flowers.eps Graphic file (type eps)
<figs/flowers.eps>

LaTeX Warning: Reference `fig.flowers' on page 37 undefined on input line 2646.



Underfull \hbox (badness 10000) in paragraph at lines 2648--2650
[]\T1/ppl/m/it/10 Soluzione: [][][][], ri-chie-de an-che
 []

File: figs/pies.eps Graphic file (type eps)
<figs/pies.eps>

LaTeX Warning: Reference `fig.pies' on page 37 undefined on input line 2664.

[37]
Underfull \hbox (badness 10000) in paragraph at lines 2681--2683
[]\T1/ppl/m/it/10 Soluzione: [][][][], ri-chie-de an-che
 []


Overfull \hbox (10.59583pt too wide) in paragraph at lines 2689--2692
[][][]\T1/ppl/b/n/10 Esercizio 4.5. \T1/ppl/m/it/10 Do-cu-men-ta-te-vi sul-le s
pi-ra-li sul si-to [][][][];
 []

[38]
Capitolo 5.

Underfull \hbox (badness 2173) in paragraph at lines 2732--2734
[]\T1/ppl/m/n/10 Come al-ter-na-ti-va si può uti-liz-za-re l'\T1/ppl/b/n/10 ope
ratore mo-du-lo\T1/ppl/m/n/10 , []\T1/cmtt/m/n/10 %\T1/ppl/m/n/10 , che re-sti-
tui-sce il re-sto
 []

[39

] [40] [41] [42] [43]

LaTeX Warning: Reference `stackdiagram' on page 44 undefined on input line 3038
.


LaTeX Warning: Reference `fig.stack2' on page 44 undefined on input line 3042.

File: figs/stack2.eps Graphic file (type eps)
<figs/stack2.eps> [44]
LaTeX Font Info:    Try loading font information for T1+cmss on input line 3099
.
 (/usr/share/texlive/texmf-dist/tex/latex/base/t1cmss.fd
File: t1cmss.fd 2014/09/29 v2.5h Standard LaTeX font definitions
) [45] [46] [47]
Underfull \hbox (badness 4266) in paragraph at lines 3242--3244
[]\T1/ppl/m/n/10 Uno dei bloc-chi di istru-zio-ni al-ter-na-ti-ve pre-sen-ti in
 un'i-stru-zio-ne
 []

[48]

LaTeX Warning: Reference `turtlechap' on page 49 undefined on input line 3352.


LaTeX Warning: Reference `turtlechap' on page 49 undefined on input line 3358.

File: figs/koch.eps Graphic file (type eps)
<figs/koch.eps>

LaTeX Warning: Reference `fig.koch' on page 49 undefined on input line 3386.

[49]
Underfull \hbox (badness 10000) in paragraph at lines 3416--3418
[]\T1/ppl/m/it/10 La cur-va di Koch può es-se-re ge-ne-ra-liz-za-ta in al-cu-ni
 mo-di. Con-sul-ta-te
 []

[50]
Capitolo 6.
[51

] [52] [53] [54]
Underfull \hbox (badness 1616) in paragraph at lines 3673--3674
\T1/ppl/m/n/10 Possiamo scri-ve-re la fun-zio-ne in mo-do an-co-ra più con-ci-s
o, in quan-to il ri-sul-ta-to
 []

[55]

LaTeX Warning: Reference `recursion' on page 56 undefined on input line 3766.

[56]

LaTeX Warning: Reference `fig.stack3' on page 57 undefined on input line 3798.

File: figs/stack3.eps Graphic file (type eps)
<figs/stack3.eps>

LaTeX Warning: Reference `boolean' on page 57 undefined on input line 3823.

[57]
Underfull \hbox (badness 3872) in paragraph at lines 3837--3839
\T1/ppl/m/n/10 Dopo il \T1/cmtt/m/n/10 fattoriale\T1/ppl/m/n/10 , l'e-sem-pio p
iù no-to di fun-zio-ne ma-te-ma-ti-ca de-fi-ni-ta ri-cor-
 []


Underfull \hbox (badness 6125) in paragraph at lines 3837--3839
\T1/ppl/m/n/10 si-va-men-te è la fun-zio-ne \T1/cmtt/m/n/10 fibonacci\T1/ppl/m/
n/10 , che ha la se-guen-te de-fi-ni-zio-ne: (ve-de-re
 []

[58]

LaTeX Warning: Reference `raise' on page 59 undefined on input line 3925.

[59]

LaTeX Warning: Reference `incremental.development' on page 60 undefined on inpu
t line 3948.

[60]
Underfull \hbox (badness 1436) in paragraph at lines 4070--4071
[]\T1/ppl/m/it/10 Quelle che se-guo-no so-no fun-zio-ni che han-no una strin-ga
 co-me pa-ra-me-tro e re-sti-tui-sco-no
 []

[61]

LaTeX Warning: Reference `strings' on page 62 undefined on input line 4083.

[62]
Capitolo 7.

LaTeX Warning: Reference `recursion' on page 63 undefined on input line 4130.


LaTeX Warning: Reference `repetition' on page 63 undefined on input line 4130.


LaTeX Warning: Reference `fig.assign2' on page 63 undefined on input line 4151.


[63

]
File: figs/assign2.eps Graphic file (type eps)
 <figs/assign2.eps>

LaTeX Warning: Reference `repetition' on page 64 undefined on input line 4228.

[64]
Underfull \hbox (badness 1122) in paragraph at lines 4288--4289
[]\T1/ppl/m/n/10 La do-man-da dif-fi-ci-le è se il pro-gram-ma giun-ga a ter-mi
-ne per \T1/ppl/m/it/10 qual-sia-si \T1/ppl/m/n/10 va-lo-re po-
 []


Underfull \hbox (badness 2326) in paragraph at lines 4288--4289
\T1/ppl/m/n/10 si-ti-vo di \T1/cmtt/m/n/10 n\T1/ppl/m/n/10 . Si-no-ra, nes-su-n
o è riu-sci-to a di-mo-strar-lo \T1/ppl/m/it/10 né \T1/ppl/m/n/10 a smen-tir-lo
! (Ve-de-re
 []

[65]

LaTeX Warning: Reference `recursion' on page 66 undefined on input line 4290.


Underfull \hbox (badness 1231) in paragraph at lines 4332--4334
\T1/ppl/m/n/10 I ci-cli si usa-no spes-so per cal-co-la-re ri-sul-ta-ti nu-me-r
i-ci, par-ten-do da un va-lo-re ap-
 []


Underfull \hbox (badness 3758) in paragraph at lines 4332--4334
\T1/ppl/m/n/10 pros-si-ma-ti-vo che vie-ne mi-glio-ra-to ite-ra-ti-va-men-te co
n ap-pros-si-ma-zio-ni suc-ces-si-ve.
 []

[66] [67] [68]
Underfull \hbox (badness 1584) in paragraph at lines 4457--4459
[]\T1/ppl/m/n/10 Assegnazione che for-ni-sce un va-lo-re ini-zia-le ad una va-r
ia-bi-le da
 []


LaTeX Warning: Reference `squareroot' on page 69 undefined on input line 4483.

[69] [70]
Capitolo 8.
[71

] [72]

LaTeX Warning: Reference `fig.banana' on page 73 undefined on input line 4732.

[73]
File: figs/banana.eps Graphic file (type eps)
 <figs/banana.eps>
Underfull \hbox (badness 1221) in paragraph at lines 4773--4776
\T1/ppl/m/n/10 Per so-sti-tui-re un ca-rat-te-re al-l'in-ter-no di una strin-ga
, po-tre-ste pen-sa-re di uti-liz-za-re
 []


LaTeX Warning: Reference `equivalence' on page 74 undefined on input line 4783.


[74]
Underfull \hbox (badness 3396) in paragraph at lines 4823--4824
[]\T1/ppl/m/n/10 Per la pri-ma vol-ta in-con-tria-mo l'i-stru-zio-ne \T1/cmtt/m
/n/10 return \T1/ppl/m/n/10 al-l'in-ter-no di un ci-clo. Se
 []

[75] [76] [77]

LaTeX Warning: Reference `guardian' on page 78 undefined on input line 5013.

[78]

LaTeX Warning: Reference `fig.state4' on page 79 undefined on input line 5068.

File: figs/state4.eps Graphic file (type eps)
<figs/state4.eps> [79]
Underfull \hbox (badness 1681) in paragraph at lines 5123--5126
[]\T1/ppl/m/n/10 Un ar-go-men-to di una fun-zio-ne o di un me-to-do che non è
 []


Underfull \hbox (badness 10000) in paragraph at lines 5136--5139
[][][]\T1/ppl/b/n/10 Esercizio 8.1. \T1/ppl/m/it/10 Leg-ge-te la do-cu-men-ta-z
io-ne dei me-to-di del-le strin-ghe sul si-to
 []


Underfull \hbox (badness 4859) in paragraph at lines 5136--5139
[][][][]\T1/ppl/m/it/10 . Fa-te de-
 []


Underfull \hbox (badness 1383) in paragraph at lines 5140--5144
[]\T1/ppl/m/it/10 La do-cu-men-ta-zio-ne uti-liz-za una sin-tas-si che può ri-s
ul-ta-re po-co chia-ra. Per esem-pio, in
 []


LaTeX Warning: Reference `counter' on page 80 undefined on input line 5152.


LaTeX Warning: Reference `palindrome' on page 80 undefined on input line 5172.

[80] [81] [82

]
Capitolo 9.
[83] [84]

LaTeX Warning: Reference `find' on page 85 undefined on input line 5381.

[85] [86]

LaTeX Warning: Reference `palindrome' on page 87 undefined on input line 5498.


LaTeX Warning: Reference `isreverse' on page 87 undefined on input line 5523.

[87]
Underfull \hbox (badness 2065) in paragraph at lines 5561--5564
[]\T1/ppl/m/n/10 Modo di ri-sol-ve-re un pro-ble-ma espri-men-do-lo
 []


Underfull \hbox (badness 10000) in paragraph at lines 5585--5586
[]\T1/ppl/m/it/10 Scrivete un pro-gram-ma per tro-va-re la pa-ro-la. So-lu-zio-
ne:
 []


Overfull \hbox (23.35289pt too wide) in paragraph at lines 5591--5597
[][][]\T1/ppl/b/n/10 Esercizio 9.8. \T1/ppl/m/it/10 Ec-co un al-tro que-si-to d
i \T1/ppl/m/n/10 Car Talk \T1/ppl/m/it/10 ([][][][]):
 []


Underfull \hbox (badness 10000) in paragraph at lines 5608--5609
[]\T1/ppl/m/it/10 Scrivete un pro-gram-ma in Py-thon che con-trol-li tut-ti i n
u-me-ri a sei ci-fre e
 []


Underfull \hbox (badness 10000) in paragraph at lines 5608--5609
\T1/ppl/m/it/10 vi-sua-liz-zi i nu-me-ri che sod-di-sfa-no le con-di-zio-ni so-
pra in-di-ca-te. So-lu-zio-ne:
 []


Overfull \hbox (20.85289pt too wide) in paragraph at lines 5614--5618
[][][]\T1/ppl/b/n/10 Esercizio 9.9. \T1/ppl/m/it/10 Ec-co un al-tro que-si-to d
i \T1/ppl/m/n/10 Car Talk \T1/ppl/m/it/10 ([][][][])
 []

[88] [89] [90

]
Capitolo 10.
[91]

LaTeX Warning: Reference `fig.liststate' on page 92 undefined on input line 571
0.

File: figs/liststate.eps Graphic file (type eps)
<figs/liststate.eps> [92] [93] [94] [95] [96]

LaTeX Warning: Reference `fig.list1' on page 97 undefined on input line 6142.

File: figs/list1.eps Graphic file (type eps)
<figs/list1.eps> [97]

LaTeX Warning: Reference `fig.list2' on page 98 undefined on input line 6177.

File: figs/list2.eps Graphic file (type eps)
<figs/list2.eps>

LaTeX Warning: Reference `fig.list3' on page 98 undefined on input line 6212.

File: figs/list3.eps Graphic file (type eps)
<figs/list3.eps> [98]

LaTeX Warning: Reference `fig.stack5' on page 99 undefined on input line 6274.

File: figs/stack5.eps Graphic file (type eps)
<figs/stack5.eps> [99] [100]
Underfull \hbox (badness 1147) in paragraph at lines 6384--6385
[]\T1/ppl/m/n/10 Prima di usa-re i me-to-di del-le li-ste e gli ope-ra-to-ri, l
eg-ge-te-ne at-ten-ta-men-te la
 []

[101]
Underfull \hbox (badness 1210) in paragraph at lines 6470--6473
[]\T1/ppl/m/n/10 Schema di cal-co-lo che at-tra-ver-sa una li-sta e se-le-zio-n
a so-lo gli ele-men-ti che
 []


Underfull \hbox (badness 10000) in paragraph at lines 6497--6499
\T1/ppl/m/n/10 Potete sca-ri-ca-re le so-lu-zio-ni de-gli eser-ci-zi se-guen-ti
 al-l'in-di-riz-zo
 []

[102]
Underfull \hbox (badness 1325) in paragraph at lines 6592--6594
[][][]\T1/ppl/b/n/10 Esercizio 10.8. \T1/ppl/m/it/10 Que-sto è un eser-ci-zio s
ul co-sid-det-to ``Pa-ra-dos-so del com-plean-no''; po-te-te
 []

[103]
Underfull \hbox (badness 1052) in paragraph at lines 6638--6639
[]\T1/ppl/m/it/10 Oppure, po-te-te leg-ge-re la do-cu-men-ta-zio-ne del mo-du-l
o \T1/cmtt/m/n/10 bisect \T1/ppl/m/it/10 e usa-re quel-lo! So-lu-zio-ne:
 []


Underfull \hbox (badness 1762) in paragraph at lines 6659--6660
[]\T1/ppl/m/it/10 Scrivete un pro-gram-ma che tro-vi tut-te le cop-pie di pa-ro
-le che pos-so-no in-ca-strar-si.
 []

[104]
Capitolo 11.
[105

]

LaTeX Warning: Reference `find' on page 106 undefined on input line 6779.


LaTeX Warning: Reference `hashtable' on page 106 undefined on input line 6779.

[106] [107] [108]
Underfull \hbox (badness 1189) in paragraph at lines 6952--6953
[]\T1/ppl/m/n/10 L'istruzione \T1/cmtt/m/n/10 raise \T1/ppl/m/n/10 può ri-ce-ve
-re co-me pa-ra-me-tro op-zio-na-le un mes-sag-gio di er-ro-re
 []

[109]
File: figs/dict1.eps Graphic file (type eps)
 <figs/dict1.eps>

LaTeX Warning: Reference `fig.dict1' on page 110 undefined on input line 7007.

[110]

LaTeX Warning: Reference `one.more.example' on page 111 undefined on input line
 7042.


LaTeX Warning: Reference `fig.fibonacci' on page 111 undefined on input line 70
46.

File: figs/fibonacci.eps Graphic file (type eps)
<figs/fibonacci.eps> [111] [112] [113]

LaTeX Warning: Reference `factdebug' on page 114 undefined on input line 7206.

[114]

LaTeX Warning: Reference `wordlist1' on page 115 undefined on input line 7291.


Underfull \hbox (badness 10000) in paragraph at lines 7299--7304
[][][]\T1/ppl/b/n/10 Esercizio 11.2. \T1/ppl/m/it/10 Leg-ge-te la do-cu-men-ta-
zio-ne del me-to-do dei di-zio-na-ri \T1/cmtt/m/n/10 setdefault
 []


Underfull \hbox (badness 10000) in paragraph at lines 7299--7304
\T1/ppl/m/it/10 e usa-te-lo per scri-ve-re una ver-sio-ne più con-ci-sa di []\T
1/cmtt/m/n/10 inverti_diz\T1/ppl/m/it/10 . So-lu-zio-ne:
 []


LaTeX Warning: Reference `ackermann' on page 115 undefined on input line 7310.


LaTeX Warning: Reference `duplicate' on page 115 undefined on input line 7321.


LaTeX Warning: Reference `exrotate' on page 115 undefined on input line 7335.


Underfull \hbox (badness 10000) in paragraph at lines 7346--7347
[][][]\T1/ppl/b/n/10 Esercizio 11.6. \T1/ppl/m/it/10 Ec-co un al-tro que-si-to 
trat-to da \T1/ppl/m/n/10 Car Talk
 []

[115]

LaTeX Warning: Reference `wordlist2' on page 116 undefined on input line 7359.


Underfull \hbox (badness 4266) in paragraph at lines 7361--7365
[]\T1/ppl/m/it/10 Per con-trol-la-re se due pa-ro-le so-no omo-fo-ne, po-te-te 
usa-re il CMU Pro-noun-cing Dic-
 []


Underfull \hbox (badness 10000) in paragraph at lines 7361--7365
\T1/ppl/m/it/10 tio-na-ry, sca-ri-ca-bi-le da [][][][]
 []


Underfull \hbox (badness 10000) in paragraph at lines 7361--7365
\T1/ppl/m/it/10 op-pu-re da [][][][] e po-te-te an-che pro-cu-rar-vi
 []


Underfull \hbox (badness 2762) in paragraph at lines 7361--7365
[][][][]\T1/ppl/m/it/10 , che for-ni-sce una fun-zio-ne di no-me
 []


Underfull \hbox (badness 1983) in paragraph at lines 7366--7367
[]\T1/ppl/m/it/10 Scrivete un pro-gram-ma che elen-chi tut-te le pa-ro-le che r
i-sol-vo-no il que-si-to. So-lu-zio-ne:
 []

[116]
Capitolo 12.
[117

] [118] [119] [120] [121]

LaTeX Warning: Reference `fig.tuple1' on page 122 undefined on input line 7831.


File: figs/tuple1.eps Graphic file (type eps)
<figs/tuple1.eps>

LaTeX Warning: Reference `fig.dict2' on page 122 undefined on input line 7841.

File: figs/dict2.eps Graphic file (type eps)
<figs/dict2.eps> [122] [123] [124]
Underfull \hbox (badness 1009) in paragraph at lines 7985--7990
[][][]\T1/ppl/b/n/10 Esercizio 12.1. \T1/ppl/m/it/10 Scri-ve-te una fun-zio-ne 
di no-me []\T1/cmtt/m/n/10 piu_frequente \T1/ppl/m/it/10 che ri-ce-va una strin
-ga e
 []


LaTeX Warning: Reference `wordlist' on page 125 undefined on input line 8003.


Underfull \hbox (badness 1769) in paragraph at lines 8034--8036
[][][]\T1/ppl/b/n/10 Esercizio 12.3. \T1/ppl/m/it/10 Si ha una me-ta-te-si quan
-do una pa-ro-la si può ot-te-ne-re scam-bian-do due
 []


Underfull \hbox (badness 1377) in paragraph at lines 8034--8036
\T1/ppl/m/it/10 let-te-re di un'al-tra pa-ro-la, per esem-pio: ``con-ver-sa'' e
 ``con-ser-va''. Scri-ve-te un pro-gram-
 []


Underfull \hbox (badness 2662) in paragraph at lines 8034--8036
\T1/ppl/m/it/10 ma che tro-vi tut-te le cop-pie con me-ta-te-si nel di-zio-na-r
io. Sug-ge-ri-men-to: non pro-va-
 []


Underfull \hbox (badness 1803) in paragraph at lines 8034--8036
\T1/ppl/m/it/10 te tut-te le pos-si-bi-li cop-pie di pa-ro-le e non pro-va-te t
ut-ti i pos-si-bi-li scam-bi. So-lu-zio-ne:
 []


Underfull \hbox (badness 1400) in paragraph at lines 8034--8036
[][][][]\T1/ppl/m/it/10 . Fon-te: Eser-ci-zio sug-ge-ri-to da un
 []

[125]
Underfull \hbox (badness 10000) in paragraph at lines 8045--8047
[][][]\T1/ppl/b/n/10 Esercizio 12.4. \T1/ppl/m/it/10 Ed ec-co un al-tro que-si-
to di Car Talk:
 []

[126]
Capitolo 13.

LaTeX Warning: Reference `algorithms' on page 127 undefined on input line 8081.


[127

]

LaTeX Warning: Reference `wordlist' on page 128 undefined on input line 8143.

[128]

LaTeX Warning: Reference `histogram' on page 129 undefined on input line 8203.


Underfull \hbox (badness 4403) in paragraph at lines 8249--8252
[][]\T1/cmtt/m/n/10 elabora_file \T1/ppl/m/n/10 leg-ge ci-cli-ca-men-te le ri-g
he del fi-le, pas-san-do-le una per vol-ta a
 []

[129]
Underfull \hbox (badness 6876) in paragraph at lines 8292--8293
[]\T1/ppl/m/n/10 La fun-zio-ne se-guen-te pren-de un isto-gram-ma e re-sti-tui-
sce una li-sta di tu-ple
 []

[130]
Underfull \hbox (badness 1019) in paragraph at lines 8362--8364
[]\T1/cmtt/m/n/10 num \T1/ppl/m/n/10 as-su-me il va-lo-re che ave-te spe-ci-fi-
ca-to. In al-tre pa-ro-le, l'ar-go-men-to op-zio-na-le
 []

[131]

LaTeX Warning: Reference `sets' on page 132 undefined on input line 8413.


LaTeX Warning: Reference `cumulative' on page 132 undefined on input line 8449.



LaTeX Warning: Reference `bisection' on page 132 undefined on input line 8452.

[132]
Underfull \hbox (badness 10000) in paragraph at lines 8484--8493

 []


Underfull \hbox (badness 10000) in paragraph at lines 8484--8493

 []

[133]
Underfull \hbox (badness 1215) in paragraph at lines 8544--8545
[]\T1/ppl/m/n/10 Cercate di svol-ge-re que-sto eser-ci-zio pri-ma di an-da-re o
l-tre; poi po-te-te sca-ri-ca-re la
 []

[134]

LaTeX Warning: Reference `randhist' on page 135 undefined on input line 8583.

[135]
Underfull \hbox (badness 2521) in paragraph at lines 8610--8612
\T1/ppl/m/n/10 va la ri-spo-sta an-cor pri-ma di fi-ni-re di for-mu-la-re la do
-man-da. Ma spes-
 []


Underfull \hbox (badness 2837) in paragraph at lines 8610--8612
\T1/ppl/m/n/10 so non ser-ve nem-me-no un'al-tra per-so-na: po-te-te sem-pli-ce
-men-te par-la-re ad
 []


Underfull \hbox (badness 3068) in paragraph at lines 8610--8612
\T1/ppl/m/n/10 una pa-pe-ra di gom-ma. E da qui na-sce la no-ta tec-ni-ca chia-
ma-ta \T1/ppl/b/n/10 de-bug
 []


Underfull \hbox (badness 1688) in paragraph at lines 8610--8612
\T1/ppl/b/n/10 con la pa-pe-ra di gom-ma\T1/ppl/m/n/10 . Non me lo so-no in-ven
-ta-to: da-te un'oc-chia-ta a
 []

[136] [137] [138

]
Capitolo 14.

LaTeX Warning: Reference `wordlist' on page 139 undefined on input line 8714.

[139]
Underfull \hbox (badness 2600) in paragraph at lines 8753--8754
[]\T1/ppl/m/n/10 Se non chiu-de-te il fi-le, vie-ne co-mun-que chiu-so au-to-ma
-ti-ca-men-te al ter-mi-ne del
 []

[140]
Overfull \hbox (211.63258pt too wide) in paragraph at lines 8815--8818
[]\T1/ppl/m/n/10 Per sa-per-ne di più sul-l'o-pe-ra-to-re di for-ma-to: [][][][
].
 []

[141]
Underfull \hbox (badness 3471) in paragraph at lines 8910--8912
[]\T1/ppl/m/n/10 Il mo-du-lo \T1/cmtt/m/n/10 os \T1/ppl/m/n/10 con-tie-ne una f
un-zio-ne di no-me \T1/cmtt/m/n/10 walk \T1/ppl/m/n/10 che è si-mi-le a que-sta
 ma
 []


Underfull \hbox (badness 2088) in paragraph at lines 8910--8912
\T1/ppl/m/n/10 più ver-sa-ti-le. Co-me eser-ci-zio, leg-ge-te-ne la do-cu-men-t
a-zio-ne e usa-te-la per stam-
 []


Underfull \hbox (badness 1460) in paragraph at lines 8910--8912
\T1/ppl/m/n/10 pa-re i no-mi dei fi-le di una da-ta di-rec-to-ry e del-le sue s
ot-to-di-rec-to-ry. So-lu-zio-ne:
 []

[142] [143] [144]
LaTeX Font Info:    Font shape `U/msa/m/n' will be
(Font)              scaled to size 8.33606pt on input line 9090.
LaTeX Font Info:    Font shape `U/msb/m/n' will be
(Font)              scaled to size 8.33606pt on input line 9090.
 [145] [146]
Underfull \hbox (badness 3942) in paragraph at lines 9239--9240
[]\T1/ppl/m/n/10 Comunque, esi-sto-no per ogni si-ste-ma del-le ap-pli-ca-zio-n
i che con-ver-to-no da un
 []


Underfull \hbox (badness 5578) in paragraph at lines 9239--9240
\T1/ppl/m/n/10 for-ma-to a un al-tro. Po-te-te tro-var-ne (e leg-ge-re al-tro s
ul-l'ar-go-men-to) sul si-
 []


Underfull \hbox (badness 1394) in paragraph at lines 9239--9240
\T1/ppl/m/n/10 to [][][][]. Op-pu-re, na-tu-ral-men-te, po-te-te
 []

[147]
Underfull \hbox (badness 2042) in paragraph at lines 9300--9301
[]\T1/ppl/m/it/10 Se si ve-ri-fi-ca un er-ro-re in aper-tu-ra, let-tu-ra, scrit
-tu-ra, chiu-su-ra del fi-le, il vo-stro pro-
 []


LaTeX Warning: Reference `anagrams' on page 148 undefined on input line 9309.


Underfull \hbox (badness 10000) in paragraph at lines 9309--9311
[][][]\T1/ppl/b/n/10 Esercizio 14.2. \T1/ppl/m/it/10 Se ave-te sca-ri-ca-to la 
mia so-lu-zio-ne del-l'E-ser-ci-zio [] dal si-to
 []


Underfull \hbox (badness 7851) in paragraph at lines 9309--9311
[][][][]\T1/ppl/m/it/10 , avre-te vi-sto che crea un di-
 []


Underfull \hbox (badness 4621) in paragraph at lines 9309--9311
\T1/ppl/m/it/10 zio-na-rio che fa cor-ri-spon-de-re una strin-ga or-di-na-ta di
 let-te-re al-la li-sta di pa-ro-le che
 []


Underfull \hbox (badness 3724) in paragraph at lines 9309--9311
\T1/ppl/m/it/10 pos-so-no es-se-re scrit-te con quel-le let-te-re. Per esem-pio
, []\TS1/cmtt/m/n/10 '\T1/cmtt/m/n/10 opst\TS1/cmtt/m/n/10 ' \T1/ppl/m/it/10 co
r-ri-spon-de al-la li-sta
 []


Underfull \hbox (badness 10000) in paragraph at lines 9312--9313
[]\T1/ppl/m/it/10 Scrivete un mo-du-lo che im-por-ti []\T1/cmtt/m/n/10 anagram_
sets \T1/ppl/m/it/10 e for-ni-sca due nuo-ve fun-zio-ni:
 []


Underfull \hbox (badness 10000) in paragraph at lines 9312--9313
\T1/ppl/m/it/10 de-ve cer-ca-re una pa-ro-la e re-sti-tui-re una li-sta dei suo
i ana-gram-mi. So-lu-zio-ne:
 []

[148]
Capitolo 15.

Underfull \hbox (badness 10000) in paragraph at lines 9353--9356
[]\T1/ppl/m/n/10 Il co-di-ce de-gli esem-pi di que-sto ca-pi-to-lo è sca-ri-ca-
bi-le dal si-to
 []


Underfull \hbox (badness 10000) in paragraph at lines 9353--9356
[][][][]\T1/ppl/m/n/10 ; le so-lu-zio-ni de-gli eser-ci-zi da
 []

[149

]

LaTeX Warning: Reference `fig.point' on page 150 undefined on input line 9446.

File: figs/point.eps Graphic file (type eps)
<figs/point.eps> [150] [151]
Underfull \hbox (badness 1990) in paragraph at lines 9538--9539
[]\T1/ppl/m/n/10 Per ot-te-ne-re una rap-pre-sen-ta-zio-ne di un ret-tan-go-lo,
 do-ve-te istan-zia-re un og-get-to
 []

File: figs/rectangle.eps Graphic file (type eps)
<figs/rectangle.eps>

LaTeX Warning: Reference `fig.rectangle' on page 152 undefined on input line 95
61.

[152]
Underfull \hbox (badness 10000) in paragraph at lines 9603--9606
\T1/ppl/m/n/10 Potete an-che scri-ve-re del-le fun-zio-ni che mo-di-fi-ca-no og
-get-ti. Per esem-pio,
 []

[153]
File: figs/rectangle2.eps Graphic file (type eps)
 <figs/rectangle2.eps>

LaTeX Warning: Reference `fig.rectangle2' on page 154 undefined on input line 9
689.

[154]

LaTeX Warning: Reference `polymorphism' on page 155 undefined on input line 977
9.


Underfull \hbox (badness 1158) in paragraph at lines 9802--9804
[]\T1/ppl/m/n/10 Oggetto che è con-te-nu-to co-me at-tri-bu-to di un al-tro
 []

[155]

LaTeX Warning: Reference `turtlechap' on page 156 undefined on input line 9842.


[156]
Capitolo 16.

Underfull \hbox (badness 10000) in paragraph at lines 9857--9861
[]\T1/ppl/m/n/10 Il co-di-ce de-gli esem-pi di que-sto ca-pi-to-lo è sca-ri-ca-
bi-le dal si-to
 []


Underfull \hbox (badness 2884) in paragraph at lines 9857--9861
[][][][]\T1/ppl/m/n/10 . Le so-lu-zio-ni de-gli eser-ci-zi si tro-va-no
 []


LaTeX Warning: Reference `fig.time' on page 157 undefined on input line 9888.

File: figs/time.eps Graphic file (type eps)
<figs/time.eps> [157

] [158] [159]
Underfull \hbox (badness 4168) in paragraph at lines 10027--10031
[]\T1/ppl/m/n/10 Un'alternativa è lo \T1/ppl/b/n/10 svi-lup-po pia-ni-fi-ca-to\
T1/ppl/m/n/10 , nel qua-le una co-no-scen-za ap-pro-fon-di-
 []


Underfull \hbox (badness 2608) in paragraph at lines 10027--10031
\T1/ppl/m/n/10 ta de-gli aspet-ti del pro-ble-ma da af-fron-ta-re ren-de la pro
-gram-ma-zio-ne mol-to più
 []


Underfull \hbox (badness 2790) in paragraph at lines 10027--10031
\T1/ppl/m/n/10 sem-pli-ce. Nel no-stro ca-so, que-sta co-no-scen-za sta nel fat
-to che l'og-get-to Tem-
 []


Underfull \hbox (badness 2951) in paragraph at lines 10027--10031
\T1/ppl/m/n/10 po è rap-pre-sen-ta-bi-le da un nu-me-ro a tre ci-fre in ba-se n
u-me-ri-ca 60! (ve-de-re
 []

[160] [161]
Underfull \hbox (badness 1412) in paragraph at lines 10154--10157
[]\T1/ppl/m/n/10 Istruzione che con-trol-la una con-di-zio-ne e sol-le-va un'ec
-ce-zio-ne se
 []


Underfull \hbox (badness 10000) in paragraph at lines 10163--10165
\T1/ppl/m/n/10 Il co-di-ce de-gli esem-pi di que-sto ca-pi-to-lo è sca-ri-ca-bi
-le dal si-to
 []


Underfull \hbox (badness 1783) in paragraph at lines 10163--10165
[][][][]\T1/ppl/m/n/10 ; le so-lu-zio-ni de-gli eser-ci-zi si tro-va-no in
 []

[162] [163] [164

]
Capitolo 17.

Underfull \hbox (badness 10000) in paragraph at lines 10206--10208
[]\T1/ppl/m/n/10 Il co-di-ce de-gli esem-pi di que-sto ca-pi-to-lo è sca-ri-ca-
bi-le dal si-to
 []


Underfull \hbox (badness 10000) in paragraph at lines 10206--10208
[][][][]\T1/ppl/m/n/10 , e le so-lu-zio-ni de-gli eser-ci-zi da
 []


LaTeX Warning: Reference `time' on page 165 undefined on input line 10224.


LaTeX Warning: Reference `clobjects' on page 165 undefined on input line 10225.


[165]

LaTeX Warning: Reference `time' on page 166 undefined on input line 10254.


LaTeX Warning: Reference `isafter' on page 166 undefined on input line 10255.

[166]

LaTeX Warning: Reference `prototype' on page 167 undefined on input line 10336.



LaTeX Warning: Reference `increment' on page 167 undefined on input line 10344.


[167]

LaTeX Warning: Reference `isafter' on page 168 undefined on input line 10394.

[168] [169]
Underfull \hbox (badness 5119) in paragraph at lines 10538--10541
[]\T1/ppl/m/n/10 Cambiare il com-por-ta-men-to de-gli ope-ra-to-ri in mo-do che
 fun-zio-ni-no con i ti-
 []


Underfull \hbox (badness 10000) in paragraph at lines 10538--10541
\T1/ppl/m/n/10 pi per-so-na-liz-za-ti è chia-ma-to \T1/ppl/b/n/10 ope-ra-tor ov
er-loa-ding \T1/ppl/m/n/10 (let-te-ral-men-te, so-vrac-ca-
 []


Underfull \hbox (badness 10000) in paragraph at lines 10538--10541
\T1/ppl/m/n/10 ri-co de-gli ope-ra-to-ri). In Py-thon, per ogni ope-ra-to-re es
i-ste un cor-ri-spon-
 []


Underfull \hbox (badness 10000) in paragraph at lines 10538--10541
\T1/ppl/m/n/10 den-te me-to-do spe-cia-le, co-me []\T1/cmtt/m/n/10 __add__\T1/p
pl/m/n/10 . Per ul-te-rio-ri det-ta-gli con-sul-ta-te
 []

[170]

LaTeX Warning: Reference `histogram' on page 171 undefined on input line 10635.


[171]

LaTeX Warning: Reference `hasattr' on page 172 undefined on input line 10685.

[172] [173]
Underfull \hbox (badness 1142) in paragraph at lines 10766--10768
[]\T1/ppl/m/n/10 Schema di pro-gram-ma-zio-ne che con-trol-la il ti-po di un
 []


Underfull \hbox (badness 10000) in paragraph at lines 10783--10785
[][][]\T1/ppl/b/n/10 Esercizio 17.1. \T1/ppl/m/it/10 Sca-ri-ca-te il co-di-ce d
e-gli esem-pi di que-sto ca-pi-to-lo
 []

[174]
Capitolo 18.

Underfull \hbox (badness 10000) in paragraph at lines 10828--10832
[]\T1/ppl/m/n/10 Se non gio-ca-te a po-ker, po-te-te leg-ge-re qual-co-sa in pr
o-po-si-to sul si-to
 []


Underfull \hbox (badness 1308) in paragraph at lines 10828--10832
[][][][]\T1/ppl/m/n/10 , ma non è un ob-bli-go: vi spie-ghe-rò quel-lo
 []


Underfull \hbox (badness 10000) in paragraph at lines 10833--10835
[]\T1/ppl/m/n/10 Il co-di-ce de-gli esem-pi di que-sto ca-pi-to-lo è sca-ri-ca-
bi-le da
 []

[175

] [176]
File: figs/card1.eps Graphic file (type eps)
 <figs/card1.eps>

LaTeX Warning: Reference `fig.card1' on page 177 undefined on input line 10954.


[177] [178] [179] [180] [181]

LaTeX Warning: Reference `fig.class1' on page 182 undefined on input line 11246
.

File: figs/class1.eps Graphic file (type eps)
<figs/class1.eps> [182]

LaTeX Warning: Reference `markov' on page 183 undefined on input line 11324.

[183]

LaTeX Warning: Reference `refactoring' on page 184 undefined on input line 1136
0.


Underfull \hbox (badness 1867) in paragraph at lines 11360--11362
[]\T1/ppl/m/n/10 Questa tra-sfor-ma-zio-ne di un programma---cambiarne la for-m
a sen-za cam-biar-ne il
 []


Underfull \hbox (badness 1406) in paragraph at lines 11367--11368
[]\T1/ppl/m/n/10 Cominciare scri-ven-do fun-zio-ni che leg-go-no e scri-vo-no v
a-ria-bi-li glo-ba-li (do-ve
 []


Underfull \hbox (badness 2285) in paragraph at lines 11396--11398
[]\T1/ppl/m/n/10 Metodo o fun-zio-ne che for-ni-sce un'in-ter-fac-cia di-ver-sa
 a un'al-tra
 []

[184]
Underfull \hbox (badness 1270) in paragraph at lines 11414--11416
[]\T1/ppl/m/n/10 Relazione tra due clas-si do-ve istan-ze di una clas-se uti-li
z-za-no istan-ze
 []

[185]
Underfull \hbox (badness 1448) in paragraph at lines 11487--11489
\T1/ppl/m/it/10 fe-rio-re che quel-la di va-lo-re su-pe-rio-re, per cui \T1/cmt
t/m/n/10 Asso-2-3-4-5 \T1/ppl/m/it/10 è una sca-la, e an-che
 []

[186] [187] [188

]
Capitolo 19.

LaTeX Warning: Reference `conditional.execution' on page 189 undefined on input
 line 11548.


Underfull \hbox (badness 3989) in paragraph at lines 11573--11576
[]\T1/ppl/m/n/10 A vol-te, le fun-zio-ni ri-cor-si-ve pos-so-no es-se-re ri-scr
it-te uti-liz-zan-do le espres-sio-ni
 []

[189]

LaTeX Warning: Reference `kangaroo' on page 190 undefined on input line 11593.


LaTeX Warning: Reference `filter' on page 190 undefined on input line 11621.

[190] [191]

LaTeX Warning: Reference `search' on page 192 undefined on input line 11745.


LaTeX Warning: Reference `search' on page 192 undefined on input line 11760.


LaTeX Warning: Reference `dictsub' on page 192 undefined on input line 11768.

[192]

LaTeX Warning: Reference `duplicate' on page 193 undefined on input line 11797.



LaTeX Warning: Reference `wordplay' on page 193 undefined on input line 11821.

[193]

LaTeX Warning: Reference `anagram' on page 194 undefined on input line 11872.

[194]

LaTeX Warning: Reference `anagrams' on page 195 undefined on input line 11926.


LaTeX Warning: Reference `setdefault' on page 195 undefined on input line 11944
.


LaTeX Warning: Reference `poker' on page 195 undefined on input line 11972.


Overfull \hbox (59.6949pt too wide) in paragraph at lines 11972--11976
[]\T1/ppl/m/n/10 La mia ri-so-lu-zio-ne del-l'E-ser-ci-zio [], sca-ri-ca-bi-le 
da [][][][],
 []


LaTeX Warning: Reference `clobjects' on page 195 undefined on input line 11980.


[195] [196]

LaTeX Warning: Reference `gather' on page 197 undefined on input line 12059.

[197]

LaTeX Warning: Reference `memoize' on page 198 undefined on input line 12169.

[198]
Appendice A.
[199

] [200] [201] [202] [203]
Underfull \hbox (badness 1152) in paragraph at lines 12413--12416
\T1/ppl/m/n/10 mi-na-re lo sta-to del pro-gram-ma im-me-dia-ta-men-te pri-ma de
l-l'er-ro-re. Po-te-te leg-ge-re
 []


Underfull \hbox (badness 3019) in paragraph at lines 12417--12417
[]\T1/ppl/b/n/12 Ho ag-giun-to tal-men-te tan-te istru-zio-ni di stam-pa che so
-no
 []


Underfull \hbox (badness 1762) in paragraph at lines 12423--12424
[]\T1/ppl/m/n/10 Per sem-pli-fi-ca-re l'out-put, po-te-te ri-muo-ve-re o com-me
n-ta-re le istru-zio-ni di stam-pa
 []

[204] [205] [206] [207] [208

]
Appendice B.
[209]
Underfull \hbox (badness 1237) in paragraph at lines 12635--12636
[]\T1/ppl/m/n/10 La ta-bel-la se-guen-te mo-stra il tem-po di ese-cu-zio-ne di 
que-sti al-go-rit-mi per di-ver-se
 []

[210]
Underfull \hbox (badness 10000) in paragraph at lines 12698--12700
[][][]\T1/ppl/b/n/10 Esercizio B.1. \T1/ppl/m/it/10 Leg-ge-te la pa-gi-na di Wi
-ki-pe-dia sul-la no-ta-zio-ne O-grande:
 []

[211]
Underfull \hbox (badness 1210) in paragraph at lines 12733--12735
[]\T1/ppl/m/n/10 Le ope-ra-zio-ni di indicizzazione---lettura e scrit-tu-ra di 
ele-men-ti di una se-quen-za o
 []

[212]

LaTeX Warning: Reference `hashtable' on page 213 undefined on input line 12788.



Underfull \hbox (badness 10000) in paragraph at lines 12793--12796
[][][]\T1/ppl/b/n/10 Esercizio B.2. \T1/ppl/m/it/10 Leg-ge-te la pa-gi-na di Wi
-ki-pe-dia su-gli al-go-rit-mi di or-di-na-men-to:
 []

[213] [214] [215] [216]

LaTeX Warning: Reference `fig.hash' on page 217 undefined on input line 12981.

File: figs/towers.eps Graphic file (type eps)
<figs/towers.eps> [217]
Underfull \hbox (badness 10000) in paragraph at lines 12993--12995
[]\T1/ppl/m/n/10 Potete sca-ri-ca-re la mia im-ple-men-ta-zio-ne di Map-pa-Hash
 da
 []


Underfull \hbox (badness 2818) in paragraph at lines 13006--13008
[]\T1/ppl/m/n/10 L'input che, con ri-fe-ri-men-to ad un al-go-rit-mo, lo ren-de
 più len-to
 []


Underfull \hbox (badness 2903) in paragraph at lines 13012--13014
[]\T1/ppl/m/n/10 La di-men-sio-ne del pro-ble-ma per cui due di-ver-si al-go-ri
t-mi
 []

No file thinkpython_italian.ind.
[218]
Package atveryend Info: Empty hook `BeforeClearDocument' on input line 13045.
Package atveryend Info: Empty hook `AfterLastShipout' on input line 13045.
 (./thinkpython_italian.aux)
Package atveryend Info: Empty hook `AtVeryEndDocument' on input line 13045.
Package atveryend Info: Executing hook `AtEndAfterFileList' on input line 13045
.


Package rerunfilecheck Warning: File `thinkpython_italian.out' has changed.
(rerunfilecheck)                Rerun to get outlines right
(rerunfilecheck)                or use package `bookmark'.

Package rerunfilecheck Info: Checksums for `thinkpython_italian.out':
(rerunfilecheck)             Before: <no file>
(rerunfilecheck)             After:  C27D0879DEDD4C18EA6E6BEAD1EBB216;15551.

LaTeX Warning: There were undefined references.


LaTeX Warning: Label(s) may have changed. Rerun to get cross-references right.

 ) 
Here is how much of TeX's memory you used:
 9670 strings out of 493070
 135556 string characters out of 6138248
 234076 words of memory out of 5000000
 13004 multiletter control sequences out of 15000+600000
 41766 words of font info for 99 fonts, out of 8000000 for 9000
 1137 hyphenation exceptions out of 8191
 29i,12n,43p,918b,566s stack positions out of 5000i,500n,10000p,200000b,80000s

Output written on thinkpython_italian.dvi (232 pages, 799776 bytes).
